Start prolog.task v19.04.17 on node t1192 for job 1051832 :: Wed Jun 19 12:54:04 UTC 2019
_______________________________________________________________
End prolog.task v19.04.17 Wed Jun 19 12:54:04 UTC 2019
+ sh -c 'cd /scratch3/NCEPDEV/stmp2/Bin.Li/rtgen.70664/src ; ./install.sh fv3_mom6_cice.exe'
+ [[ fv3_mom6_cice.exe == fv3_mom6_cice.exe ]]
+ rm -f /scratch3/NCEPDEV/stmp2/Bin.Li/rtgen.70664/exec/fv3_mom6_cice.exe
+ md5sum=/scratch3/NCEPDEV/stmp2/Bin.Li/rtgen.70664/exec/fv3_mom6_cice.exe.md5
+ OPTS=app=coupledFV3_MOM6_CICE
+ mkdir -p /scratch3/NCEPDEV/stmp2/Bin.Li/rtgen.70664/exec /scratch3/NCEPDEV/stmp2/Bin.Li/rtgen.70664/include
+ rm -f /scratch3/NCEPDEV/stmp2/Bin.Li/rtgen.70664/exec/fv3_mom6_cice.exe /scratch3/NCEPDEV/stmp2/Bin.Li/rtgen.70664/include/modules_fv3_mom6_cice
+ cd /scratch3/NCEPDEV/stmp1/Bin.Li/updateFV3
+ module load slurm
++ /apps/lmod/7.7.18/libexec/lmod bash load slurm
Warning: The Slurm module is no longer needed and will be removed on August 1st
2019 
+ eval '__LMOD_REF_COUNT_LOADEDMODULES="ncview/2.1.3:1;intel/18.1.163:1;impi/5.1.1.109:1;cairo/1.14.2:1;ncl/6.3.0-gcc:1;hdf5/1.8.14:1;netcdf/4.3.0:1;szip/2.1:1;esmf/8.0.0bs01:1;w3nco/v2.0.6:1;w3emc/v2.0.5:1;sp/v2.0.2:1;crtm/v2.0.6:1;g2tmpl/v1.3.0:1;g2/v2.5.0:1;jasper/v1.900.1:1;png/v1.2.44:1;z/v1.2.6:1;sigio/v2.0.1:1;sfcio/v1.0.0:1;xmlparse/v2.0.0:1;nco/4.4.5:1;ferret/6.72:1;nccmp/1.8.2:1;rocoto/1.3.0-RC3:1;grib_api/1.14.7:1;cdo/1.9.5:1;grads/2.0.1a:1;slurm/18.08:1";' export '__LMOD_REF_COUNT_LOADEDMODULES;' 'LOADEDMODULES="ncview/2.1.3:intel/18.1.163:impi/5.1.1.109:cairo/1.14.2:ncl/6.3.0-gcc:hdf5/1.8.14:netcdf/4.3.0:szip/2.1:esmf/8.0.0bs01:w3nco/v2.0.6:w3emc/v2.0.5:sp/v2.0.2:crtm/v2.0.6:g2tmpl/v1.3.0:g2/v2.5.0:jasper/v1.900.1:png/v1.2.44:z/v1.2.6:sigio/v2.0.1:sfcio/v1.0.0:xmlparse/v2.0.0:nco/4.4.5:ferret/6.72:nccmp/1.8.2:rocoto/1.3.0-RC3:grib_api/1.14.7:cdo/1.9.5:grads/2.0.1a:slurm/18.08";' export 'LOADEDMODULES;' 'MODULEPATH="/scratch4/NCEPDEV/nems/noscrub/emc.nemspara/soft/modulefiles:/apps/lmod/lmod/modulefiles/Core:/apps/modules/modulefiles/Linux:/apps/modules/modulefiles:/opt/cray/modulefiles:/opt/cray/craype/default/modulefiles:/apps/modules/modulefamilies/intel:/apps/modules/modulefamilies/intel_impi:/scratch3/NCEPDEV/nwprod/lib/modulefiles:/scratch3/NCEPDEV/nceplibs/modulefiles";' export 'MODULEPATH;' '__LMOD_REF_COUNT__LMFILES_="/apps/modules/modulefiles/ncview/2.1.3:1;/apps/modules/modulefiles/intel/18.1.163:1;/apps/modules/modulefamilies/intel/impi/5.1.1.109:1;/apps/modules/modulefiles/cairo/1.14.2:1;/apps/modules/modulefiles/ncl/6.3.0-gcc:1;/apps/modules/modulefamilies/intel/hdf5/1.8.14:1;/apps/modules/modulefamilies/intel/netcdf/4.3.0:1;/apps/modules/modulefiles/szip/2.1:1;/scratch4/NCEPDEV/nems/noscrub/emc.nemspara/soft/modulefiles/esmf/8.0.0bs01:1;/scratch3/NCEPDEV/nwprod/lib/modulefiles/w3nco/v2.0.6:1;/scratch3/NCEPDEV/nwprod/lib/modulefiles/w3emc/v2.0.5:1;/scratch3/NCEPDEV/nwprod/lib/modulefiles/sp/v2.0.2:1;/scratch3/NCEPDEV/nwprod/lib/modulefiles/crtm/v2.0.6:1;/scratch3/NCEPDEV/nwprod/lib/modulefiles/g2tmpl/v1.3.0:1;/scratch3/NCEPDEV/nwprod/lib/modulefiles/g2/v2.5.0:1;/scratch3/NCEPDEV/nwprod/lib/modulefiles/jasper/v1.900.1:1;/scratch3/NCEPDEV/nwprod/lib/modulefiles/png/v1.2.44:1;/scratch3/NCEPDEV/nwprod/lib/modulefiles/z/v1.2.6:1;/scratch3/NCEPDEV/nwprod/lib/modulefiles/sigio/v2.0.1:1;/scratch3/NCEPDEV/nwprod/lib/modulefiles/sfcio/v1.0.0:1;/scratch3/NCEPDEV/nwprod/lib/modulefiles/xmlparse/v2.0.0:1;/apps/modules/modulefamilies/intel/nco/4.4.5:1;/apps/modules/modulefiles/ferret/6.72:1;/apps/modules/modulefiles/nccmp/1.8.2:1;/apps/modules/modulefiles/rocoto/1.3.0-RC3:1;/apps/modules/modulefamilies/intel/grib_api/1.14.7:1;/apps/modules/modulefamilies/intel/cdo/1.9.5:1;/apps/modules/modulefiles/grads/2.0.1a:1;/apps/modules/modulefiles/slurm/18.08:1";' export '__LMOD_REF_COUNT__LMFILES_;' '_LMFILES_="/apps/modules/modulefiles/ncview/2.1.3:/apps/modules/modulefiles/intel/18.1.163:/apps/modules/modulefamilies/intel/impi/5.1.1.109:/apps/modules/modulefiles/cairo/1.14.2:/apps/modules/modulefiles/ncl/6.3.0-gcc:/apps/modules/modulefamilies/intel/hdf5/1.8.14:/apps/modules/modulefamilies/intel/netcdf/4.3.0:/apps/modules/modulefiles/szip/2.1:/scratch4/NCEPDEV/nems/noscrub/emc.nemspara/soft/modulefiles/esmf/8.0.0bs01:/scratch3/NCEPDEV/nwprod/lib/modulefiles/w3nco/v2.0.6:/scratch3/NCEPDEV/nwprod/lib/modulefiles/w3emc/v2.0.5:/scratch3/NCEPDEV/nwprod/lib/modulefiles/sp/v2.0.2:/scratch3/NCEPDEV/nwprod/lib/modulefiles/crtm/v2.0.6:/scratch3/NCEPDEV/nwprod/lib/modulefiles/g2tmpl/v1.3.0:/scratch3/NCEPDEV/nwprod/lib/modulefiles/g2/v2.5.0:/scratch3/NCEPDEV/nwprod/lib/modulefiles/jasper/v1.900.1:/scratch3/NCEPDEV/nwprod/lib/modulefiles/png/v1.2.44:/scratch3/NCEPDEV/nwprod/lib/modulefiles/z/v1.2.6:/scratch3/NCEPDEV/nwprod/lib/modulefiles/sigio/v2.0.1:/scratch3/NCEPDEV/nwprod/lib/modulefiles/sfcio/v1.0.0:/scratch3/NCEPDEV/nwprod/lib/modulefiles/xmlparse/v2.0.0:/apps/modules/modulefamilies/intel/nco/4.4.5:/apps/modules/modulefiles/ferret/6.72:/apps/modules/modulefiles/nccmp/1.8.2:/apps/modules/modulefiles/rocoto/1.3.0-RC3:/apps/modules/modulefamilies/intel/grib_api/1.14.7:/apps/modules/modulefamilies/intel/cdo/1.9.5:/apps/modules/modulefiles/grads/2.0.1a:/apps/modules/modulefiles/slurm/18.08";' export '_LMFILES_;' '_ModuleTable001_="X01vZHVsZVRhYmxlXz17WyJNVHZlcnNpb24iXT0zLFsiY19yZWJ1aWxkVGltZSJdPWZhbHNlLFsiY19zaG9ydFRpbWUiXT1mYWxzZSxkZXB0aFQ9e30sZmFtaWx5PXtbImNvbXBpbGVyIl09ImludGVsIixbIm1waSJdPSJpbXBpIix9LG1UPXtjYWlybz17WyJmbiJdPSIvYXBwcy9tb2R1bGVzL21vZHVsZWZpbGVzL2NhaXJvLzEuMTQuMiIsWyJmdWxsTmFtZSJdPSJjYWlyby8xLjE0LjIiLFsibG9hZE9yZGVyIl09NCxwcm9wVD17fSxbInN0YWNrRGVwdGgiXT0xLFsic3RhdHVzIl09ImFjdGl2ZSIsWyJ1c2VyTmFtZSJdPSJjYWlybyIsfSxjZG89e1siZm4iXT0iL2FwcHMvbW9kdWxlcy9tb2R1bGVmYW1pbGllcy9pbnRlbC9jZG8vMS45LjUiLFsiZnVsbE5hbWUiXT0iY2RvLzEu";' export '_ModuleTable001_;' '_ModuleTable002_="OS41IixbImxvYWRPcmRlciJdPTI3LHByb3BUPXt9LFsic3RhY2tEZXB0aCJdPTAsWyJzdGF0dXMiXT0iYWN0aXZlIixbInVzZXJOYW1lIl09ImNkbyIsfSxjcnRtPXtbImZuIl09Ii9zY3JhdGNoMy9OQ0VQREVWL253cHJvZC9saWIvbW9kdWxlZmlsZXMvY3J0bS92Mi4wLjYiLFsiZnVsbE5hbWUiXT0iY3J0bS92Mi4wLjYiLFsibG9hZE9yZGVyIl09MTMscHJvcFQ9e30sWyJzdGFja0RlcHRoIl09MCxbInN0YXR1cyJdPSJhY3RpdmUiLFsidXNlck5hbWUiXT0iY3J0bS92Mi4wLjYiLH0sZXNtZj17WyJmbiJdPSIvc2NyYXRjaDQvTkNFUERFVi9uZW1zL25vc2NydWIvZW1jLm5lbXNwYXJhL3NvZnQvbW9kdWxlZmlsZXMvZXNtZi84LjAuMGJzMDEiLFsiZnVsbE5hbWUiXT0iZXNt";' export '_ModuleTable002_;' '_ModuleTable003_="Zi84LjAuMGJzMDEiLFsibG9hZE9yZGVyIl09OSxwcm9wVD17fSxbInN0YWNrRGVwdGgiXT0wLFsic3RhdHVzIl09ImFjdGl2ZSIsWyJ1c2VyTmFtZSJdPSJlc21mLzguMC4wYnMwMSIsfSxmZXJyZXQ9e1siZm4iXT0iL2FwcHMvbW9kdWxlcy9tb2R1bGVmaWxlcy9mZXJyZXQvNi43MiIsWyJmdWxsTmFtZSJdPSJmZXJyZXQvNi43MiIsWyJsb2FkT3JkZXIiXT0yMyxwcm9wVD17fSxbInN0YWNrRGVwdGgiXT0wLFsic3RhdHVzIl09ImFjdGl2ZSIsWyJ1c2VyTmFtZSJdPSJmZXJyZXQiLH0sZzI9e1siZm4iXT0iL3NjcmF0Y2gzL05DRVBERVYvbndwcm9kL2xpYi9tb2R1bGVmaWxlcy9nMi92Mi41LjAiLFsiZnVsbE5hbWUiXT0iZzIvdjIuNS4wIixbImxvYWRPcmRlciJdPTE1LHBy";' export '_ModuleTable003_;' '_ModuleTable004_="b3BUPXt9LFsic3RhY2tEZXB0aCJdPTAsWyJzdGF0dXMiXT0iYWN0aXZlIixbInVzZXJOYW1lIl09ImcyL3YyLjUuMCIsfSxnMnRtcGw9e1siZm4iXT0iL3NjcmF0Y2gzL05DRVBERVYvbndwcm9kL2xpYi9tb2R1bGVmaWxlcy9nMnRtcGwvdjEuMy4wIixbImZ1bGxOYW1lIl09ImcydG1wbC92MS4zLjAiLFsibG9hZE9yZGVyIl09MTQscHJvcFQ9e30sWyJzdGFja0RlcHRoIl09MCxbInN0YXR1cyJdPSJhY3RpdmUiLFsidXNlck5hbWUiXT0iZzJ0bXBsL3YxLjMuMCIsfSxncmFkcz17WyJmbiJdPSIvYXBwcy9tb2R1bGVzL21vZHVsZWZpbGVzL2dyYWRzLzIuMC4xYSIsWyJmdWxsTmFtZSJdPSJncmFkcy8yLjAuMWEiLFsibG9hZE9yZGVyIl09MjgscHJvcFQ9e30sWyJzdGFja0Rl";' export '_ModuleTable004_;' '_ModuleTable005_="cHRoIl09MCxbInN0YXR1cyJdPSJhY3RpdmUiLFsidXNlck5hbWUiXT0iZ3JhZHMiLH0sZ3JpYl9hcGk9e1siZm4iXT0iL2FwcHMvbW9kdWxlcy9tb2R1bGVmYW1pbGllcy9pbnRlbC9ncmliX2FwaS8xLjE0LjciLFsiZnVsbE5hbWUiXT0iZ3JpYl9hcGkvMS4xNC43IixbImxvYWRPcmRlciJdPTI2LHByb3BUPXt9LFsic3RhY2tEZXB0aCJdPTEsWyJzdGF0dXMiXT0iYWN0aXZlIixbInVzZXJOYW1lIl09ImdyaWJfYXBpIix9LGhkZjU9e1siZm4iXT0iL2FwcHMvbW9kdWxlcy9tb2R1bGVmYW1pbGllcy9pbnRlbC9oZGY1LzEuOC4xNCIsWyJmdWxsTmFtZSJdPSJoZGY1LzEuOC4xNCIsWyJsb2FkT3JkZXIiXT02LHByb3BUPXt9LFsic3RhY2tEZXB0aCJdPTAsWyJzdGF0dXMiXT0i";' export '_ModuleTable005_;' '_ModuleTable006_="YWN0aXZlIixbInVzZXJOYW1lIl09ImhkZjUvMS44LjE0Iix9LGltcGk9e1siZm4iXT0iL2FwcHMvbW9kdWxlcy9tb2R1bGVmYW1pbGllcy9pbnRlbC9pbXBpLzUuMS4xLjEwOSIsWyJmdWxsTmFtZSJdPSJpbXBpLzUuMS4xLjEwOSIsWyJsb2FkT3JkZXIiXT0zLHByb3BUPXt9LFsic3RhY2tEZXB0aCJdPTAsWyJzdGF0dXMiXT0iYWN0aXZlIixbInVzZXJOYW1lIl09ImltcGkvNS4xLjEuMTA5Iix9LGludGVsPXtbImZuIl09Ii9hcHBzL21vZHVsZXMvbW9kdWxlZmlsZXMvaW50ZWwvMTguMS4xNjMiLFsiZnVsbE5hbWUiXT0iaW50ZWwvMTguMS4xNjMiLFsibG9hZE9yZGVyIl09Mixwcm9wVD17fSxbInN0YWNrRGVwdGgiXT0wLFsic3RhdHVzIl09ImFjdGl2ZSIsWyJ1c2VyTmFt";' export '_ModuleTable006_;' '_ModuleTable007_="ZSJdPSJpbnRlbC8xOC4xLjE2MyIsfSxqYXNwZXI9e1siZm4iXT0iL3NjcmF0Y2gzL05DRVBERVYvbndwcm9kL2xpYi9tb2R1bGVmaWxlcy9qYXNwZXIvdjEuOTAwLjEiLFsiZnVsbE5hbWUiXT0iamFzcGVyL3YxLjkwMC4xIixbImxvYWRPcmRlciJdPTE2LHByb3BUPXt9LFsic3RhY2tEZXB0aCJdPTAsWyJzdGF0dXMiXT0iYWN0aXZlIixbInVzZXJOYW1lIl09Imphc3Blci92MS45MDAuMSIsfSxuY2NtcD17WyJmbiJdPSIvYXBwcy9tb2R1bGVzL21vZHVsZWZpbGVzL25jY21wLzEuOC4yIixbImZ1bGxOYW1lIl09Im5jY21wLzEuOC4yIixbImxvYWRPcmRlciJdPTI0LHByb3BUPXt9LFsic3RhY2tEZXB0aCJdPTAsWyJzdGF0dXMiXT0iYWN0aXZlIixbInVzZXJOYW1lIl09Im5j";' export '_ModuleTable007_;' '_ModuleTable008_="Y21wLzEuOC4yIix9LG5jbD17WyJmbiJdPSIvYXBwcy9tb2R1bGVzL21vZHVsZWZpbGVzL25jbC82LjMuMC1nY2MiLFsiZnVsbE5hbWUiXT0ibmNsLzYuMy4wLWdjYyIsWyJsb2FkT3JkZXIiXT01LHByb3BUPXt9LFsic3RhY2tEZXB0aCJdPTAsWyJzdGF0dXMiXT0iYWN0aXZlIixbInVzZXJOYW1lIl09Im5jbC82LjMuMC1nY2MiLH0sbmNvPXtbImZuIl09Ii9hcHBzL21vZHVsZXMvbW9kdWxlZmFtaWxpZXMvaW50ZWwvbmNvLzQuNC41IixbImZ1bGxOYW1lIl09Im5jby80LjQuNSIsWyJsb2FkT3JkZXIiXT0yMixwcm9wVD17fSxbInN0YWNrRGVwdGgiXT0wLFsic3RhdHVzIl09ImFjdGl2ZSIsWyJ1c2VyTmFtZSJdPSJuY28iLH0sbmN2aWV3PXtbImZuIl09Ii9hcHBzL21vZHVs";' export '_ModuleTable008_;' '_ModuleTable009_="ZXMvbW9kdWxlZmlsZXMvbmN2aWV3LzIuMS4zIixbImZ1bGxOYW1lIl09Im5jdmlldy8yLjEuMyIsWyJsb2FkT3JkZXIiXT0xLHByb3BUPXt9LFsic3RhY2tEZXB0aCJdPTAsWyJzdGF0dXMiXT0iYWN0aXZlIixbInVzZXJOYW1lIl09Im5jdmlldyIsfSxuZXRjZGY9e1siZm4iXT0iL2FwcHMvbW9kdWxlcy9tb2R1bGVmYW1pbGllcy9pbnRlbC9uZXRjZGYvNC4zLjAiLFsiZnVsbE5hbWUiXT0ibmV0Y2RmLzQuMy4wIixbImxvYWRPcmRlciJdPTcscHJvcFQ9e30sWyJzdGFja0RlcHRoIl09MCxbInN0YXR1cyJdPSJhY3RpdmUiLFsidXNlck5hbWUiXT0ibmV0Y2RmLzQuMy4wIix9LHBuZz17WyJmbiJdPSIvc2NyYXRjaDMvTkNFUERFVi9ud3Byb2QvbGliL21vZHVsZWZpbGVzL3Bu";' export '_ModuleTable009_;' '_ModuleTable010_="Zy92MS4yLjQ0IixbImZ1bGxOYW1lIl09InBuZy92MS4yLjQ0IixbImxvYWRPcmRlciJdPTE3LHByb3BUPXt9LFsic3RhY2tEZXB0aCJdPTAsWyJzdGF0dXMiXT0iYWN0aXZlIixbInVzZXJOYW1lIl09InBuZy92MS4yLjQ0Iix9LHJvY290bz17WyJmbiJdPSIvYXBwcy9tb2R1bGVzL21vZHVsZWZpbGVzL3JvY290by8xLjMuMC1SQzMiLFsiZnVsbE5hbWUiXT0icm9jb3RvLzEuMy4wLVJDMyIsWyJsb2FkT3JkZXIiXT0yNSxwcm9wVD17fSxbInN0YWNrRGVwdGgiXT0wLFsic3RhdHVzIl09ImFjdGl2ZSIsWyJ1c2VyTmFtZSJdPSJyb2NvdG8vMS4zLjAtUkMzIix9LHNmY2lvPXtbImZuIl09Ii9zY3JhdGNoMy9OQ0VQREVWL253cHJvZC9saWIvbW9kdWxlZmlsZXMvc2ZjaW8vdjEu";' export '_ModuleTable010_;' '_ModuleTable011_="MC4wIixbImZ1bGxOYW1lIl09InNmY2lvL3YxLjAuMCIsWyJsb2FkT3JkZXIiXT0yMCxwcm9wVD17fSxbInN0YWNrRGVwdGgiXT0wLFsic3RhdHVzIl09ImFjdGl2ZSIsWyJ1c2VyTmFtZSJdPSJzZmNpby92MS4wLjAiLH0sc2lnaW89e1siZm4iXT0iL3NjcmF0Y2gzL05DRVBERVYvbndwcm9kL2xpYi9tb2R1bGVmaWxlcy9zaWdpby92Mi4wLjEiLFsiZnVsbE5hbWUiXT0ic2lnaW8vdjIuMC4xIixbImxvYWRPcmRlciJdPTE5LHByb3BUPXt9LFsic3RhY2tEZXB0aCJdPTAsWyJzdGF0dXMiXT0iYWN0aXZlIixbInVzZXJOYW1lIl09InNpZ2lvL3YyLjAuMSIsfSxzbHVybT17WyJmbiJdPSIvYXBwcy9tb2R1bGVzL21vZHVsZWZpbGVzL3NsdXJtLzE4LjA4IixbImZ1bGxOYW1lIl09";' export '_ModuleTable011_;' '_ModuleTable012_="InNsdXJtLzE4LjA4IixbImxvYWRPcmRlciJdPTI5LHByb3BUPXt9LFsic3RhY2tEZXB0aCJdPTAsWyJzdGF0dXMiXT0iYWN0aXZlIixbInVzZXJOYW1lIl09InNsdXJtIix9LHNwPXtbImZuIl09Ii9zY3JhdGNoMy9OQ0VQREVWL253cHJvZC9saWIvbW9kdWxlZmlsZXMvc3AvdjIuMC4yIixbImZ1bGxOYW1lIl09InNwL3YyLjAuMiIsWyJsb2FkT3JkZXIiXT0xMixwcm9wVD17fSxbInN0YWNrRGVwdGgiXT0wLFsic3RhdHVzIl09ImFjdGl2ZSIsWyJ1c2VyTmFtZSJdPSJzcC92Mi4wLjIiLH0sc3ppcD17WyJmbiJdPSIvYXBwcy9tb2R1bGVzL21vZHVsZWZpbGVzL3N6aXAvMi4xIixbImZ1bGxOYW1lIl09InN6aXAvMi4xIixbImxvYWRPcmRlciJdPTgscHJvcFQ9e30sWyJzdGFj";' export '_ModuleTable012_;' '_ModuleTable013_="a0RlcHRoIl09MCxbInN0YXR1cyJdPSJhY3RpdmUiLFsidXNlck5hbWUiXT0ic3ppcCIsfSx3M2VtYz17WyJmbiJdPSIvc2NyYXRjaDMvTkNFUERFVi9ud3Byb2QvbGliL21vZHVsZWZpbGVzL3czZW1jL3YyLjAuNSIsWyJmdWxsTmFtZSJdPSJ3M2VtYy92Mi4wLjUiLFsibG9hZE9yZGVyIl09MTEscHJvcFQ9e30sWyJzdGFja0RlcHRoIl09MCxbInN0YXR1cyJdPSJhY3RpdmUiLFsidXNlck5hbWUiXT0idzNlbWMvdjIuMC41Iix9LHczbmNvPXtbImZuIl09Ii9zY3JhdGNoMy9OQ0VQREVWL253cHJvZC9saWIvbW9kdWxlZmlsZXMvdzNuY28vdjIuMC42IixbImZ1bGxOYW1lIl09InczbmNvL3YyLjAuNiIsWyJsb2FkT3JkZXIiXT0xMCxwcm9wVD17fSxbInN0YWNrRGVwdGgiXT0w";' export '_ModuleTable013_;' '_ModuleTable014_="LFsic3RhdHVzIl09ImFjdGl2ZSIsWyJ1c2VyTmFtZSJdPSJ3M25jby92Mi4wLjYiLH0seG1scGFyc2U9e1siZm4iXT0iL3NjcmF0Y2gzL05DRVBERVYvbndwcm9kL2xpYi9tb2R1bGVmaWxlcy94bWxwYXJzZS92Mi4wLjAiLFsiZnVsbE5hbWUiXT0ieG1scGFyc2UvdjIuMC4wIixbImxvYWRPcmRlciJdPTIxLHByb3BUPXt9LFsic3RhY2tEZXB0aCJdPTAsWyJzdGF0dXMiXT0iYWN0aXZlIixbInVzZXJOYW1lIl09InhtbHBhcnNlL3YyLjAuMCIsfSx6PXtbImZuIl09Ii9zY3JhdGNoMy9OQ0VQREVWL253cHJvZC9saWIvbW9kdWxlZmlsZXMvei92MS4yLjYiLFsiZnVsbE5hbWUiXT0iei92MS4yLjYiLFsibG9hZE9yZGVyIl09MTgscHJvcFQ9e30sWyJzdGFja0RlcHRoIl09MCxb";' export '_ModuleTable014_;' '_ModuleTable015_="InN0YXR1cyJdPSJhY3RpdmUiLFsidXNlck5hbWUiXT0iei92MS4yLjYiLH0sfSxtcGF0aEE9eyIvc2NyYXRjaDQvTkNFUERFVi9uZW1zL25vc2NydWIvZW1jLm5lbXNwYXJhL3NvZnQvbW9kdWxlZmlsZXMiLCIvYXBwcy9sbW9kL2xtb2QvbW9kdWxlZmlsZXMvQ29yZSIsIi9hcHBzL21vZHVsZXMvbW9kdWxlZmlsZXMvTGludXgiLCIvYXBwcy9tb2R1bGVzL21vZHVsZWZpbGVzIiwiL29wdC9jcmF5L21vZHVsZWZpbGVzIiwiL29wdC9jcmF5L2NyYXlwZS9kZWZhdWx0L21vZHVsZWZpbGVzIiwiL2FwcHMvbW9kdWxlcy9tb2R1bGVmYW1pbGllcy9pbnRlbCIsIi9hcHBzL21vZHVsZXMvbW9kdWxlZmFtaWxpZXMvaW50ZWxfaW1waSIsIi9zY3JhdGNoMy9OQ0VQREVWL253cHJvZC9s";' export '_ModuleTable015_;' '_ModuleTable016_="aWIvbW9kdWxlZmlsZXMiLCIvc2NyYXRjaDMvTkNFUERFVi9uY2VwbGlicy9tb2R1bGVmaWxlcyIsfSxbInN5c3RlbUJhc2VNUEFUSCJdPSIvYXBwcy9sbW9kL2xtb2QvbW9kdWxlZmlsZXMvQ29yZTovYXBwcy9tb2R1bGVzL21vZHVsZWZpbGVzL0xpbnV4Oi9hcHBzL21vZHVsZXMvbW9kdWxlZmlsZXM6L29wdC9jcmF5L21vZHVsZWZpbGVzOi9vcHQvY3JheS9jcmF5cGUvZGVmYXVsdC9tb2R1bGVmaWxlcyIsfQ==";' export '_ModuleTable016_;' '_ModuleTable_Sz_="16";' export '_ModuleTable_Sz_;'
++ __LMOD_REF_COUNT_LOADEDMODULES='ncview/2.1.3:1;intel/18.1.163:1;impi/5.1.1.109:1;cairo/1.14.2:1;ncl/6.3.0-gcc:1;hdf5/1.8.14:1;netcdf/4.3.0:1;szip/2.1:1;esmf/8.0.0bs01:1;w3nco/v2.0.6:1;w3emc/v2.0.5:1;sp/v2.0.2:1;crtm/v2.0.6:1;g2tmpl/v1.3.0:1;g2/v2.5.0:1;jasper/v1.900.1:1;png/v1.2.44:1;z/v1.2.6:1;sigio/v2.0.1:1;sfcio/v1.0.0:1;xmlparse/v2.0.0:1;nco/4.4.5:1;ferret/6.72:1;nccmp/1.8.2:1;rocoto/1.3.0-RC3:1;grib_api/1.14.7:1;cdo/1.9.5:1;grads/2.0.1a:1;slurm/18.08:1'
++ export __LMOD_REF_COUNT_LOADEDMODULES
++ LOADEDMODULES=ncview/2.1.3:intel/18.1.163:impi/5.1.1.109:cairo/1.14.2:ncl/6.3.0-gcc:hdf5/1.8.14:netcdf/4.3.0:szip/2.1:esmf/8.0.0bs01:w3nco/v2.0.6:w3emc/v2.0.5:sp/v2.0.2:crtm/v2.0.6:g2tmpl/v1.3.0:g2/v2.5.0:jasper/v1.900.1:png/v1.2.44:z/v1.2.6:sigio/v2.0.1:sfcio/v1.0.0:xmlparse/v2.0.0:nco/4.4.5:ferret/6.72:nccmp/1.8.2:rocoto/1.3.0-RC3:grib_api/1.14.7:cdo/1.9.5:grads/2.0.1a:slurm/18.08
++ export LOADEDMODULES
++ MODULEPATH=/scratch4/NCEPDEV/nems/noscrub/emc.nemspara/soft/modulefiles:/apps/lmod/lmod/modulefiles/Core:/apps/modules/modulefiles/Linux:/apps/modules/modulefiles:/opt/cray/modulefiles:/opt/cray/craype/default/modulefiles:/apps/modules/modulefamilies/intel:/apps/modules/modulefamilies/intel_impi:/scratch3/NCEPDEV/nwprod/lib/modulefiles:/scratch3/NCEPDEV/nceplibs/modulefiles
++ export MODULEPATH
++ __LMOD_REF_COUNT__LMFILES_='/apps/modules/modulefiles/ncview/2.1.3:1;/apps/modules/modulefiles/intel/18.1.163:1;/apps/modules/modulefamilies/intel/impi/5.1.1.109:1;/apps/modules/modulefiles/cairo/1.14.2:1;/apps/modules/modulefiles/ncl/6.3.0-gcc:1;/apps/modules/modulefamilies/intel/hdf5/1.8.14:1;/apps/modules/modulefamilies/intel/netcdf/4.3.0:1;/apps/modules/modulefiles/szip/2.1:1;/scratch4/NCEPDEV/nems/noscrub/emc.nemspara/soft/modulefiles/esmf/8.0.0bs01:1;/scratch3/NCEPDEV/nwprod/lib/modulefiles/w3nco/v2.0.6:1;/scratch3/NCEPDEV/nwprod/lib/modulefiles/w3emc/v2.0.5:1;/scratch3/NCEPDEV/nwprod/lib/modulefiles/sp/v2.0.2:1;/scratch3/NCEPDEV/nwprod/lib/modulefiles/crtm/v2.0.6:1;/scratch3/NCEPDEV/nwprod/lib/modulefiles/g2tmpl/v1.3.0:1;/scratch3/NCEPDEV/nwprod/lib/modulefiles/g2/v2.5.0:1;/scratch3/NCEPDEV/nwprod/lib/modulefiles/jasper/v1.900.1:1;/scratch3/NCEPDEV/nwprod/lib/modulefiles/png/v1.2.44:1;/scratch3/NCEPDEV/nwprod/lib/modulefiles/z/v1.2.6:1;/scratch3/NCEPDEV/nwprod/lib/modulefiles/sigio/v2.0.1:1;/scratch3/NCEPDEV/nwprod/lib/modulefiles/sfcio/v1.0.0:1;/scratch3/NCEPDEV/nwprod/lib/modulefiles/xmlparse/v2.0.0:1;/apps/modules/modulefamilies/intel/nco/4.4.5:1;/apps/modules/modulefiles/ferret/6.72:1;/apps/modules/modulefiles/nccmp/1.8.2:1;/apps/modules/modulefiles/rocoto/1.3.0-RC3:1;/apps/modules/modulefamilies/intel/grib_api/1.14.7:1;/apps/modules/modulefamilies/intel/cdo/1.9.5:1;/apps/modules/modulefiles/grads/2.0.1a:1;/apps/modules/modulefiles/slurm/18.08:1'
++ export __LMOD_REF_COUNT__LMFILES_
++ _LMFILES_=/apps/modules/modulefiles/ncview/2.1.3:/apps/modules/modulefiles/intel/18.1.163:/apps/modules/modulefamilies/intel/impi/5.1.1.109:/apps/modules/modulefiles/cairo/1.14.2:/apps/modules/modulefiles/ncl/6.3.0-gcc:/apps/modules/modulefamilies/intel/hdf5/1.8.14:/apps/modules/modulefamilies/intel/netcdf/4.3.0:/apps/modules/modulefiles/szip/2.1:/scratch4/NCEPDEV/nems/noscrub/emc.nemspara/soft/modulefiles/esmf/8.0.0bs01:/scratch3/NCEPDEV/nwprod/lib/modulefiles/w3nco/v2.0.6:/scratch3/NCEPDEV/nwprod/lib/modulefiles/w3emc/v2.0.5:/scratch3/NCEPDEV/nwprod/lib/modulefiles/sp/v2.0.2:/scratch3/NCEPDEV/nwprod/lib/modulefiles/crtm/v2.0.6:/scratch3/NCEPDEV/nwprod/lib/modulefiles/g2tmpl/v1.3.0:/scratch3/NCEPDEV/nwprod/lib/modulefiles/g2/v2.5.0:/scratch3/NCEPDEV/nwprod/lib/modulefiles/jasper/v1.900.1:/scratch3/NCEPDEV/nwprod/lib/modulefiles/png/v1.2.44:/scratch3/NCEPDEV/nwprod/lib/modulefiles/z/v1.2.6:/scratch3/NCEPDEV/nwprod/lib/modulefiles/sigio/v2.0.1:/scratch3/NCEPDEV/nwprod/lib/modulefiles/sfcio/v1.0.0:/scratch3/NCEPDEV/nwprod/lib/modulefiles/xmlparse/v2.0.0:/apps/modules/modulefamilies/intel/nco/4.4.5:/apps/modules/modulefiles/ferret/6.72:/apps/modules/modulefiles/nccmp/1.8.2:/apps/modules/modulefiles/rocoto/1.3.0-RC3:/apps/modules/modulefamilies/intel/grib_api/1.14.7:/apps/modules/modulefamilies/intel/cdo/1.9.5:/apps/modules/modulefiles/grads/2.0.1a:/apps/modules/modulefiles/slurm/18.08
++ export _LMFILES_
++ _ModuleTable001_=X01vZHVsZVRhYmxlXz17WyJNVHZlcnNpb24iXT0zLFsiY19yZWJ1aWxkVGltZSJdPWZhbHNlLFsiY19zaG9ydFRpbWUiXT1mYWxzZSxkZXB0aFQ9e30sZmFtaWx5PXtbImNvbXBpbGVyIl09ImludGVsIixbIm1waSJdPSJpbXBpIix9LG1UPXtjYWlybz17WyJmbiJdPSIvYXBwcy9tb2R1bGVzL21vZHVsZWZpbGVzL2NhaXJvLzEuMTQuMiIsWyJmdWxsTmFtZSJdPSJjYWlyby8xLjE0LjIiLFsibG9hZE9yZGVyIl09NCxwcm9wVD17fSxbInN0YWNrRGVwdGgiXT0xLFsic3RhdHVzIl09ImFjdGl2ZSIsWyJ1c2VyTmFtZSJdPSJjYWlybyIsfSxjZG89e1siZm4iXT0iL2FwcHMvbW9kdWxlcy9tb2R1bGVmYW1pbGllcy9pbnRlbC9jZG8vMS45LjUiLFsiZnVsbE5hbWUiXT0iY2RvLzEu
++ export _ModuleTable001_
++ _ModuleTable002_=OS41IixbImxvYWRPcmRlciJdPTI3LHByb3BUPXt9LFsic3RhY2tEZXB0aCJdPTAsWyJzdGF0dXMiXT0iYWN0aXZlIixbInVzZXJOYW1lIl09ImNkbyIsfSxjcnRtPXtbImZuIl09Ii9zY3JhdGNoMy9OQ0VQREVWL253cHJvZC9saWIvbW9kdWxlZmlsZXMvY3J0bS92Mi4wLjYiLFsiZnVsbE5hbWUiXT0iY3J0bS92Mi4wLjYiLFsibG9hZE9yZGVyIl09MTMscHJvcFQ9e30sWyJzdGFja0RlcHRoIl09MCxbInN0YXR1cyJdPSJhY3RpdmUiLFsidXNlck5hbWUiXT0iY3J0bS92Mi4wLjYiLH0sZXNtZj17WyJmbiJdPSIvc2NyYXRjaDQvTkNFUERFVi9uZW1zL25vc2NydWIvZW1jLm5lbXNwYXJhL3NvZnQvbW9kdWxlZmlsZXMvZXNtZi84LjAuMGJzMDEiLFsiZnVsbE5hbWUiXT0iZXNt
++ export _ModuleTable002_
++ _ModuleTable003_=Zi84LjAuMGJzMDEiLFsibG9hZE9yZGVyIl09OSxwcm9wVD17fSxbInN0YWNrRGVwdGgiXT0wLFsic3RhdHVzIl09ImFjdGl2ZSIsWyJ1c2VyTmFtZSJdPSJlc21mLzguMC4wYnMwMSIsfSxmZXJyZXQ9e1siZm4iXT0iL2FwcHMvbW9kdWxlcy9tb2R1bGVmaWxlcy9mZXJyZXQvNi43MiIsWyJmdWxsTmFtZSJdPSJmZXJyZXQvNi43MiIsWyJsb2FkT3JkZXIiXT0yMyxwcm9wVD17fSxbInN0YWNrRGVwdGgiXT0wLFsic3RhdHVzIl09ImFjdGl2ZSIsWyJ1c2VyTmFtZSJdPSJmZXJyZXQiLH0sZzI9e1siZm4iXT0iL3NjcmF0Y2gzL05DRVBERVYvbndwcm9kL2xpYi9tb2R1bGVmaWxlcy9nMi92Mi41LjAiLFsiZnVsbE5hbWUiXT0iZzIvdjIuNS4wIixbImxvYWRPcmRlciJdPTE1LHBy
++ export _ModuleTable003_
++ _ModuleTable004_=b3BUPXt9LFsic3RhY2tEZXB0aCJdPTAsWyJzdGF0dXMiXT0iYWN0aXZlIixbInVzZXJOYW1lIl09ImcyL3YyLjUuMCIsfSxnMnRtcGw9e1siZm4iXT0iL3NjcmF0Y2gzL05DRVBERVYvbndwcm9kL2xpYi9tb2R1bGVmaWxlcy9nMnRtcGwvdjEuMy4wIixbImZ1bGxOYW1lIl09ImcydG1wbC92MS4zLjAiLFsibG9hZE9yZGVyIl09MTQscHJvcFQ9e30sWyJzdGFja0RlcHRoIl09MCxbInN0YXR1cyJdPSJhY3RpdmUiLFsidXNlck5hbWUiXT0iZzJ0bXBsL3YxLjMuMCIsfSxncmFkcz17WyJmbiJdPSIvYXBwcy9tb2R1bGVzL21vZHVsZWZpbGVzL2dyYWRzLzIuMC4xYSIsWyJmdWxsTmFtZSJdPSJncmFkcy8yLjAuMWEiLFsibG9hZE9yZGVyIl09MjgscHJvcFQ9e30sWyJzdGFja0Rl
++ export _ModuleTable004_
++ _ModuleTable005_=cHRoIl09MCxbInN0YXR1cyJdPSJhY3RpdmUiLFsidXNlck5hbWUiXT0iZ3JhZHMiLH0sZ3JpYl9hcGk9e1siZm4iXT0iL2FwcHMvbW9kdWxlcy9tb2R1bGVmYW1pbGllcy9pbnRlbC9ncmliX2FwaS8xLjE0LjciLFsiZnVsbE5hbWUiXT0iZ3JpYl9hcGkvMS4xNC43IixbImxvYWRPcmRlciJdPTI2LHByb3BUPXt9LFsic3RhY2tEZXB0aCJdPTEsWyJzdGF0dXMiXT0iYWN0aXZlIixbInVzZXJOYW1lIl09ImdyaWJfYXBpIix9LGhkZjU9e1siZm4iXT0iL2FwcHMvbW9kdWxlcy9tb2R1bGVmYW1pbGllcy9pbnRlbC9oZGY1LzEuOC4xNCIsWyJmdWxsTmFtZSJdPSJoZGY1LzEuOC4xNCIsWyJsb2FkT3JkZXIiXT02LHByb3BUPXt9LFsic3RhY2tEZXB0aCJdPTAsWyJzdGF0dXMiXT0i
++ export _ModuleTable005_
++ _ModuleTable006_=YWN0aXZlIixbInVzZXJOYW1lIl09ImhkZjUvMS44LjE0Iix9LGltcGk9e1siZm4iXT0iL2FwcHMvbW9kdWxlcy9tb2R1bGVmYW1pbGllcy9pbnRlbC9pbXBpLzUuMS4xLjEwOSIsWyJmdWxsTmFtZSJdPSJpbXBpLzUuMS4xLjEwOSIsWyJsb2FkT3JkZXIiXT0zLHByb3BUPXt9LFsic3RhY2tEZXB0aCJdPTAsWyJzdGF0dXMiXT0iYWN0aXZlIixbInVzZXJOYW1lIl09ImltcGkvNS4xLjEuMTA5Iix9LGludGVsPXtbImZuIl09Ii9hcHBzL21vZHVsZXMvbW9kdWxlZmlsZXMvaW50ZWwvMTguMS4xNjMiLFsiZnVsbE5hbWUiXT0iaW50ZWwvMTguMS4xNjMiLFsibG9hZE9yZGVyIl09Mixwcm9wVD17fSxbInN0YWNrRGVwdGgiXT0wLFsic3RhdHVzIl09ImFjdGl2ZSIsWyJ1c2VyTmFt
++ export _ModuleTable006_
++ _ModuleTable007_=ZSJdPSJpbnRlbC8xOC4xLjE2MyIsfSxqYXNwZXI9e1siZm4iXT0iL3NjcmF0Y2gzL05DRVBERVYvbndwcm9kL2xpYi9tb2R1bGVmaWxlcy9qYXNwZXIvdjEuOTAwLjEiLFsiZnVsbE5hbWUiXT0iamFzcGVyL3YxLjkwMC4xIixbImxvYWRPcmRlciJdPTE2LHByb3BUPXt9LFsic3RhY2tEZXB0aCJdPTAsWyJzdGF0dXMiXT0iYWN0aXZlIixbInVzZXJOYW1lIl09Imphc3Blci92MS45MDAuMSIsfSxuY2NtcD17WyJmbiJdPSIvYXBwcy9tb2R1bGVzL21vZHVsZWZpbGVzL25jY21wLzEuOC4yIixbImZ1bGxOYW1lIl09Im5jY21wLzEuOC4yIixbImxvYWRPcmRlciJdPTI0LHByb3BUPXt9LFsic3RhY2tEZXB0aCJdPTAsWyJzdGF0dXMiXT0iYWN0aXZlIixbInVzZXJOYW1lIl09Im5j
++ export _ModuleTable007_
++ _ModuleTable008_=Y21wLzEuOC4yIix9LG5jbD17WyJmbiJdPSIvYXBwcy9tb2R1bGVzL21vZHVsZWZpbGVzL25jbC82LjMuMC1nY2MiLFsiZnVsbE5hbWUiXT0ibmNsLzYuMy4wLWdjYyIsWyJsb2FkT3JkZXIiXT01LHByb3BUPXt9LFsic3RhY2tEZXB0aCJdPTAsWyJzdGF0dXMiXT0iYWN0aXZlIixbInVzZXJOYW1lIl09Im5jbC82LjMuMC1nY2MiLH0sbmNvPXtbImZuIl09Ii9hcHBzL21vZHVsZXMvbW9kdWxlZmFtaWxpZXMvaW50ZWwvbmNvLzQuNC41IixbImZ1bGxOYW1lIl09Im5jby80LjQuNSIsWyJsb2FkT3JkZXIiXT0yMixwcm9wVD17fSxbInN0YWNrRGVwdGgiXT0wLFsic3RhdHVzIl09ImFjdGl2ZSIsWyJ1c2VyTmFtZSJdPSJuY28iLH0sbmN2aWV3PXtbImZuIl09Ii9hcHBzL21vZHVs
++ export _ModuleTable008_
++ _ModuleTable009_=ZXMvbW9kdWxlZmlsZXMvbmN2aWV3LzIuMS4zIixbImZ1bGxOYW1lIl09Im5jdmlldy8yLjEuMyIsWyJsb2FkT3JkZXIiXT0xLHByb3BUPXt9LFsic3RhY2tEZXB0aCJdPTAsWyJzdGF0dXMiXT0iYWN0aXZlIixbInVzZXJOYW1lIl09Im5jdmlldyIsfSxuZXRjZGY9e1siZm4iXT0iL2FwcHMvbW9kdWxlcy9tb2R1bGVmYW1pbGllcy9pbnRlbC9uZXRjZGYvNC4zLjAiLFsiZnVsbE5hbWUiXT0ibmV0Y2RmLzQuMy4wIixbImxvYWRPcmRlciJdPTcscHJvcFQ9e30sWyJzdGFja0RlcHRoIl09MCxbInN0YXR1cyJdPSJhY3RpdmUiLFsidXNlck5hbWUiXT0ibmV0Y2RmLzQuMy4wIix9LHBuZz17WyJmbiJdPSIvc2NyYXRjaDMvTkNFUERFVi9ud3Byb2QvbGliL21vZHVsZWZpbGVzL3Bu
++ export _ModuleTable009_
++ _ModuleTable010_=Zy92MS4yLjQ0IixbImZ1bGxOYW1lIl09InBuZy92MS4yLjQ0IixbImxvYWRPcmRlciJdPTE3LHByb3BUPXt9LFsic3RhY2tEZXB0aCJdPTAsWyJzdGF0dXMiXT0iYWN0aXZlIixbInVzZXJOYW1lIl09InBuZy92MS4yLjQ0Iix9LHJvY290bz17WyJmbiJdPSIvYXBwcy9tb2R1bGVzL21vZHVsZWZpbGVzL3JvY290by8xLjMuMC1SQzMiLFsiZnVsbE5hbWUiXT0icm9jb3RvLzEuMy4wLVJDMyIsWyJsb2FkT3JkZXIiXT0yNSxwcm9wVD17fSxbInN0YWNrRGVwdGgiXT0wLFsic3RhdHVzIl09ImFjdGl2ZSIsWyJ1c2VyTmFtZSJdPSJyb2NvdG8vMS4zLjAtUkMzIix9LHNmY2lvPXtbImZuIl09Ii9zY3JhdGNoMy9OQ0VQREVWL253cHJvZC9saWIvbW9kdWxlZmlsZXMvc2ZjaW8vdjEu
++ export _ModuleTable010_
++ _ModuleTable011_=MC4wIixbImZ1bGxOYW1lIl09InNmY2lvL3YxLjAuMCIsWyJsb2FkT3JkZXIiXT0yMCxwcm9wVD17fSxbInN0YWNrRGVwdGgiXT0wLFsic3RhdHVzIl09ImFjdGl2ZSIsWyJ1c2VyTmFtZSJdPSJzZmNpby92MS4wLjAiLH0sc2lnaW89e1siZm4iXT0iL3NjcmF0Y2gzL05DRVBERVYvbndwcm9kL2xpYi9tb2R1bGVmaWxlcy9zaWdpby92Mi4wLjEiLFsiZnVsbE5hbWUiXT0ic2lnaW8vdjIuMC4xIixbImxvYWRPcmRlciJdPTE5LHByb3BUPXt9LFsic3RhY2tEZXB0aCJdPTAsWyJzdGF0dXMiXT0iYWN0aXZlIixbInVzZXJOYW1lIl09InNpZ2lvL3YyLjAuMSIsfSxzbHVybT17WyJmbiJdPSIvYXBwcy9tb2R1bGVzL21vZHVsZWZpbGVzL3NsdXJtLzE4LjA4IixbImZ1bGxOYW1lIl09
++ export _ModuleTable011_
++ _ModuleTable012_=InNsdXJtLzE4LjA4IixbImxvYWRPcmRlciJdPTI5LHByb3BUPXt9LFsic3RhY2tEZXB0aCJdPTAsWyJzdGF0dXMiXT0iYWN0aXZlIixbInVzZXJOYW1lIl09InNsdXJtIix9LHNwPXtbImZuIl09Ii9zY3JhdGNoMy9OQ0VQREVWL253cHJvZC9saWIvbW9kdWxlZmlsZXMvc3AvdjIuMC4yIixbImZ1bGxOYW1lIl09InNwL3YyLjAuMiIsWyJsb2FkT3JkZXIiXT0xMixwcm9wVD17fSxbInN0YWNrRGVwdGgiXT0wLFsic3RhdHVzIl09ImFjdGl2ZSIsWyJ1c2VyTmFtZSJdPSJzcC92Mi4wLjIiLH0sc3ppcD17WyJmbiJdPSIvYXBwcy9tb2R1bGVzL21vZHVsZWZpbGVzL3N6aXAvMi4xIixbImZ1bGxOYW1lIl09InN6aXAvMi4xIixbImxvYWRPcmRlciJdPTgscHJvcFQ9e30sWyJzdGFj
++ export _ModuleTable012_
++ _ModuleTable013_=a0RlcHRoIl09MCxbInN0YXR1cyJdPSJhY3RpdmUiLFsidXNlck5hbWUiXT0ic3ppcCIsfSx3M2VtYz17WyJmbiJdPSIvc2NyYXRjaDMvTkNFUERFVi9ud3Byb2QvbGliL21vZHVsZWZpbGVzL3czZW1jL3YyLjAuNSIsWyJmdWxsTmFtZSJdPSJ3M2VtYy92Mi4wLjUiLFsibG9hZE9yZGVyIl09MTEscHJvcFQ9e30sWyJzdGFja0RlcHRoIl09MCxbInN0YXR1cyJdPSJhY3RpdmUiLFsidXNlck5hbWUiXT0idzNlbWMvdjIuMC41Iix9LHczbmNvPXtbImZuIl09Ii9zY3JhdGNoMy9OQ0VQREVWL253cHJvZC9saWIvbW9kdWxlZmlsZXMvdzNuY28vdjIuMC42IixbImZ1bGxOYW1lIl09InczbmNvL3YyLjAuNiIsWyJsb2FkT3JkZXIiXT0xMCxwcm9wVD17fSxbInN0YWNrRGVwdGgiXT0w
++ export _ModuleTable013_
++ _ModuleTable014_=LFsic3RhdHVzIl09ImFjdGl2ZSIsWyJ1c2VyTmFtZSJdPSJ3M25jby92Mi4wLjYiLH0seG1scGFyc2U9e1siZm4iXT0iL3NjcmF0Y2gzL05DRVBERVYvbndwcm9kL2xpYi9tb2R1bGVmaWxlcy94bWxwYXJzZS92Mi4wLjAiLFsiZnVsbE5hbWUiXT0ieG1scGFyc2UvdjIuMC4wIixbImxvYWRPcmRlciJdPTIxLHByb3BUPXt9LFsic3RhY2tEZXB0aCJdPTAsWyJzdGF0dXMiXT0iYWN0aXZlIixbInVzZXJOYW1lIl09InhtbHBhcnNlL3YyLjAuMCIsfSx6PXtbImZuIl09Ii9zY3JhdGNoMy9OQ0VQREVWL253cHJvZC9saWIvbW9kdWxlZmlsZXMvei92MS4yLjYiLFsiZnVsbE5hbWUiXT0iei92MS4yLjYiLFsibG9hZE9yZGVyIl09MTgscHJvcFQ9e30sWyJzdGFja0RlcHRoIl09MCxb
++ export _ModuleTable014_
++ _ModuleTable015_=InN0YXR1cyJdPSJhY3RpdmUiLFsidXNlck5hbWUiXT0iei92MS4yLjYiLH0sfSxtcGF0aEE9eyIvc2NyYXRjaDQvTkNFUERFVi9uZW1zL25vc2NydWIvZW1jLm5lbXNwYXJhL3NvZnQvbW9kdWxlZmlsZXMiLCIvYXBwcy9sbW9kL2xtb2QvbW9kdWxlZmlsZXMvQ29yZSIsIi9hcHBzL21vZHVsZXMvbW9kdWxlZmlsZXMvTGludXgiLCIvYXBwcy9tb2R1bGVzL21vZHVsZWZpbGVzIiwiL29wdC9jcmF5L21vZHVsZWZpbGVzIiwiL29wdC9jcmF5L2NyYXlwZS9kZWZhdWx0L21vZHVsZWZpbGVzIiwiL2FwcHMvbW9kdWxlcy9tb2R1bGVmYW1pbGllcy9pbnRlbCIsIi9hcHBzL21vZHVsZXMvbW9kdWxlZmFtaWxpZXMvaW50ZWxfaW1waSIsIi9zY3JhdGNoMy9OQ0VQREVWL253cHJvZC9s
++ export _ModuleTable015_
++ _ModuleTable016_=aWIvbW9kdWxlZmlsZXMiLCIvc2NyYXRjaDMvTkNFUERFVi9uY2VwbGlicy9tb2R1bGVmaWxlcyIsfSxbInN5c3RlbUJhc2VNUEFUSCJdPSIvYXBwcy9sbW9kL2xtb2QvbW9kdWxlZmlsZXMvQ29yZTovYXBwcy9tb2R1bGVzL21vZHVsZWZpbGVzL0xpbnV4Oi9hcHBzL21vZHVsZXMvbW9kdWxlZmlsZXM6L29wdC9jcmF5L21vZHVsZWZpbGVzOi9vcHQvY3JheS9jcmF5cGUvZGVmYXVsdC9tb2R1bGVmaWxlcyIsfQ==
++ export _ModuleTable016_
++ _ModuleTable_Sz_=16
++ export _ModuleTable_Sz_
++ : -s sh
+ eval
+ which aprun
which: no aprun in (/apps/grads/2.0.1a/bin:/apps/grib_api/1.14.7/intel/15.6.233/bin:/apps/cdo/1.9.5/intel/15.6.233/bin:/apps/rocoto/1.3.0-RC3/bin:/apps/nccmp/1.8.2-gcc/bin:/apps/ferret/6.72/bin:/apps/nco/4.4.5-intel/bin:/scratch4/NCEPDEV/nems/noscrub/emc.nemspara/soft/esmf/8.0.0bs01/bin:/apps/netcdf/4.3.0-intel/bin:/apps/hdf5/1.8.14-intel/bin:/apps/cairo/1.14.2/bin:/apps/ncl/6.3.0-nodap_gcc447/bin:/apps/intel/impi/5.1.1.109/intel64/bin:/apps/intel/compilers_and_libraries_2018.1.163/linux/bin/intel64:/apps/ncview/2.1.3/bin:/usr/lib64/qt-3.3/bin:/usr/local/bin:/bin:/usr/bin:/usr/local/sbin:/usr/sbin:/apps/local/bin:/apps/local/sbin:/apps/slurm/default/slurm/tools:/apps/slurm/default/bin:/apps/slurm/default/sbin:/apps/slurm/tools/sbank/bin:/usr/lib:/usr/include:/sbin:/home/Bin.Li/bin/bin:/home/Bin.Li/bin:/apps/pnetcdf/1.7.0/intel/15.6.233/impi/5.0.3.048/bin:/home/Bin.Li/hycom/ALL/archive/src:/home/Bin.Li/hycom/ALL/force/src:/home/Bin.Li/hycom/ALL/meanst/src:/home/Bin.Li/hycom/ALL/plot/src:/home/Bin.Li/hycom/ALL/relax/src:/home/Bin.Li/hycom/ALL/bin:/home/Bin.Li/hycom/ALL/sample/src:/home/Bin.Li/hycom/ALL/subregion/src:/home/glopara/bin/nemsio_util:/apps/moab/default/bin:/apps/hpss:/scratch3/NCEPDEV/nwprod/NWPROD.WCOSS/util/exec:.)
+ ./NEMS/NEMSAppBuilder norebuild app=coupledFV3_MOM6_CICE
ls: cannot access ../conf/component_*.mk: No such file or directory
NEMSAppBuilder: make  app=coupledFV3_MOM6_CICE build
Convert /scratch3/NCEPDEV/stmp1/Bin.Li/updateFV3/coupledFV3_MOM6_CICE.appBuilder
...into /scratch3/NCEPDEV/stmp1/Bin.Li/updateFV3/coupledFV3_MOM6_CICE.appBuilder.mk
Include /scratch3/NCEPDEV/stmp1/Bin.Li/updateFV3/coupledFV3_MOM6_CICE.appBuilder.mk
echo 'FMS FV3 MOM6 CICE' > "/scratch3/NCEPDEV/stmp1/Bin.Li/updateFV3/NEMS/src/conf/components.mk"
Adding FV3 makeopts to FMS makeopts
. /scratch3/NCEPDEV/stmp1/Bin.Li/updateFV3/NEMS/src/conf/module-setup.sh.inc ; stack=`ulimit -S -s`                  ; ulimit -S -s 200000                     ; module use /scratch3/NCEPDEV/stmp1/Bin.Li/updateFV3/NEMS/src/conf                 ; module load modules.nems              ; module list                           ; ulimit -S -s $stack ; cd /scratch3/NCEPDEV/stmp1/Bin.Li/updateFV3/FMS/fv3gfs                      ; \
exec make  all
Warning: The Slurm module is no longer needed and will be removed on August 1st
2019 

Currently Loaded Modules:
  1) intel/15.1.133       5) bacio/v2.0.1   9) w3emc/v2.0.5
  2) impi/5.1.1.109       6) sp/v2.0.2     10) nemsio/v2.2.3
  3) netcdf/4.3.0         7) ip/v2.0.0     11) esmf/8.0.0bs21
  4) pnetcdf/1.5.0-impi   8) w3nco/v2.0.6  12) modules.nems

 

make[1]: Entering directory `/scratch3/NCEPDEV/stmp1/Bin.Li/updateFV3/FMS/fv3gfs'
mkdir -p "/scratch3/NCEPDEV/stmp1/Bin.Li/updateFV3/FMS/FMS_INSTALL"
mv fms.mk "/scratch3/NCEPDEV/stmp1/Bin.Li/updateFV3/FMS/FMS_INSTALL/."
cp -fp *.a *.mod ../include/*.h "/scratch3/NCEPDEV/stmp1/Bin.Li/updateFV3/FMS/FMS_INSTALL"/.
make[1]: Leaving directory `/scratch3/NCEPDEV/stmp1/Bin.Li/updateFV3/FMS/fv3gfs'
test -d /scratch3/NCEPDEV/stmp1/Bin.Li/updateFV3/FMS/FMS_INSTALL
Compiling  into /scratch3/NCEPDEV/stmp1/Bin.Li/updateFV3/FV3/FV3_INSTALL on theia
cp -fp /scratch3/NCEPDEV/stmp1/Bin.Li/updateFV3/NEMS/src/conf/configure.nems \
       "/scratch3/NCEPDEV/stmp1/Bin.Li/updateFV3/FV3"/conf/configure.fv3
cp -fp /scratch3/NCEPDEV/stmp1/Bin.Li/updateFV3/NEMS/src/conf/modules.nems   \
       "/scratch3/NCEPDEV/stmp1/Bin.Li/updateFV3/FV3"/conf/modules.fv3
. /scratch3/NCEPDEV/stmp1/Bin.Li/updateFV3/NEMS/src/conf/module-setup.sh.inc ; stack=`ulimit -S -s`                  ; ulimit -S -s 200000                     ; module use /scratch3/NCEPDEV/stmp1/Bin.Li/updateFV3/NEMS/src/conf                 ; module load modules.nems              ; module list                           ; ulimit -S -s $stack ; cd /scratch3/NCEPDEV/stmp1/Bin.Li/updateFV3/FV3 ; \
  exec make COMP=FV3 COMP_SRCDIR=/scratch3/NCEPDEV/stmp1/Bin.Li/updateFV3/FV3 COMP_BINDIR=/scratch3/NCEPDEV/stmp1/Bin.Li/updateFV3/FV3/FV3_INSTALL MACHINE_ID=theia FMS_DIR=/scratch3/NCEPDEV/stmp1/Bin.Li/updateFV3/FMS/FMS_INSTALL  nemsinstall
Warning: The Slurm module is no longer needed and will be removed on August 1st
2019 

Currently Loaded Modules:
  1) intel/15.1.133       5) bacio/v2.0.1   9) w3emc/v2.0.5
  2) impi/5.1.1.109       6) sp/v2.0.2     10) nemsio/v2.2.3
  3) netcdf/4.3.0         7) ip/v2.0.0     11) esmf/8.0.0bs21
  4) pnetcdf/1.5.0-impi   8) w3nco/v2.0.6  12) modules.nems

 

make[1]: Entering directory `/scratch3/NCEPDEV/stmp1/Bin.Li/updateFV3/FV3'
make -C cpl                  FMS_DIR=/scratch3/NCEPDEV/stmp1/Bin.Li/updateFV3/FMS/FMS_INSTALL

Build standalone FV3 io ...

make[2]: Entering directory `/scratch3/NCEPDEV/stmp1/Bin.Li/updateFV3/FV3/cpl'
make[2]: Nothing to be done for `all'.
make[2]: Leaving directory `/scratch3/NCEPDEV/stmp1/Bin.Li/updateFV3/FV3/cpl'
make -C gfsphysics      FMS_DIR=/scratch3/NCEPDEV/stmp1/Bin.Li/updateFV3/FMS/FMS_INSTALL 32BIT=N  # force gfs physics to 64bit

Build standalone FV3 gfsphysics ...

make[2]: Entering directory `/scratch3/NCEPDEV/stmp1/Bin.Li/updateFV3/FV3/gfsphysics'
make[2]: Nothing to be done for `all'.
make[2]: Leaving directory `/scratch3/NCEPDEV/stmp1/Bin.Li/updateFV3/FV3/gfsphysics'
make -C ipd                  FMS_DIR=/scratch3/NCEPDEV/stmp1/Bin.Li/updateFV3/FMS/FMS_INSTALL 32BIT=N  # force gfs physics to 64bit

Build standalone FV3 gfsphysics ...

make[2]: Entering directory `/scratch3/NCEPDEV/stmp1/Bin.Li/updateFV3/FV3/ipd'
make[2]: Nothing to be done for `all'.
make[2]: Leaving directory `/scratch3/NCEPDEV/stmp1/Bin.Li/updateFV3/FV3/ipd'
make -C io                   FMS_DIR=/scratch3/NCEPDEV/stmp1/Bin.Li/updateFV3/FMS/FMS_INSTALL

Build standalone FV3 io ...

$ESMF_INC is [-I/scratch4/NCEPDEV/nems/noscrub/emc.nemspara/soft/esmf/8.0.0bs21/mod -I/scratch4/NCEPDEV/nems/noscrub/emc.nemspara/soft/esmf/8.0.0bs21/include -I/apps/netcdf/4.3.0-intel/include]
make[2]: Entering directory `/scratch3/NCEPDEV/stmp1/Bin.Li/updateFV3/FV3/io'
make[2]: Nothing to be done for `all'.
make[2]: Leaving directory `/scratch3/NCEPDEV/stmp1/Bin.Li/updateFV3/FV3/io'
make -C atmos_cubed_sphere   FMS_DIR=/scratch3/NCEPDEV/stmp1/Bin.Li/updateFV3/FMS/FMS_INSTALL

Build standalone FV3 fv3core ...

make[2]: Entering directory `/scratch3/NCEPDEV/stmp1/Bin.Li/updateFV3/FV3/atmos_cubed_sphere'
make[2]: Nothing to be done for `all'.
make[2]: Leaving directory `/scratch3/NCEPDEV/stmp1/Bin.Li/updateFV3/FV3/atmos_cubed_sphere'
make -C stochastic_physics   FMS_DIR=/scratch3/NCEPDEV/stmp1/Bin.Li/updateFV3/FMS/FMS_INSTALL 32BIT=N  # force gfs physics to 64bit

Build standalone FV3 stochastic_physics ...

make[2]: Entering directory `/scratch3/NCEPDEV/stmp1/Bin.Li/updateFV3/FV3/stochastic_physics'
make[2]: Nothing to be done for `all'.
make[2]: Leaving directory `/scratch3/NCEPDEV/stmp1/Bin.Li/updateFV3/FV3/stochastic_physics'
make libfv3cap.a  FMS_DIR=/scratch3/NCEPDEV/stmp1/Bin.Li/updateFV3/FMS/FMS_INSTALL
make[2]: Entering directory `/scratch3/NCEPDEV/stmp1/Bin.Li/updateFV3/FV3'
make[2]: `libfv3cap.a' is up to date.
make[2]: Leaving directory `/scratch3/NCEPDEV/stmp1/Bin.Li/updateFV3/FV3'
make esmf_make_fragment FMS_DIR=/scratch3/NCEPDEV/stmp1/Bin.Li/updateFV3/FMS/FMS_INSTALL
make[2]: Entering directory `/scratch3/NCEPDEV/stmp1/Bin.Li/updateFV3/FV3'
# additional include files needed for PGI
#@echo "ESMF_DEP_INCPATH   = /scratch3/NCEPDEV/stmp1/Bin.Li/updateFV3/FV3/nems_dir" >> fv3.mk

Finished generating ESMF self-describing build dependency makefile fragment: fv3.mk

make[2]: Leaving directory `/scratch3/NCEPDEV/stmp1/Bin.Li/updateFV3/FV3'
Installation into "/scratch3/NCEPDEV/stmp1/Bin.Li/updateFV3/FV3/FV3_INSTALL" complete!

make[1]: Leaving directory `/scratch3/NCEPDEV/stmp1/Bin.Li/updateFV3/FV3'
test -d /scratch3/NCEPDEV/stmp1/Bin.Li/updateFV3/FV3/FV3_INSTALL
rm -fr /scratch3/NCEPDEV/stmp1/Bin.Li/updateFV3/MOM6/exec
. /scratch3/NCEPDEV/stmp1/Bin.Li/updateFV3/NEMS/src/conf/module-setup.sh.inc ; stack=`ulimit -S -s`                  ; ulimit -S -s 200000                     ; module use /scratch3/NCEPDEV/stmp1/Bin.Li/updateFV3/NEMS/src/conf                 ; module load modules.nems              ; module list                           ; ulimit -S -s $stack ; export COMP_SRCDIR="/scratch3/NCEPDEV/stmp1/Bin.Li/updateFV3/MOM6" COMP_BINDIR="/scratch3/NCEPDEV/stmp1/Bin.Li/updateFV3/MOM6/MOM6_INSTALL" FMS_BINDIR="/scratch3/NCEPDEV/stmp1/Bin.Li/updateFV3/FMS/FMS_INSTALL" MACHINE_ID="theia"                     ; \
set -e                                                        ; \
cd /scratch3/NCEPDEV/stmp1/Bin.Li/updateFV3/MOM6                                             ; \
./compile.sh --platform theia --fms-dir "/scratch3/NCEPDEV/stmp1/Bin.Li/updateFV3/FMS/FMS_INSTALL"
Warning: The Slurm module is no longer needed and will be removed on August 1st
2019 

Currently Loaded Modules:
  1) intel/15.1.133       5) bacio/v2.0.1   9) w3emc/v2.0.5
  2) impi/5.1.1.109       6) sp/v2.0.2     10) nemsio/v2.2.3
  3) netcdf/4.3.0         7) ip/v2.0.0     11) esmf/8.0.0bs21
  4) pnetcdf/1.5.0-impi   8) w3nco/v2.0.6  12) modules.nems

 

Will use FMS from: /scratch3/NCEPDEV/stmp1/Bin.Li/updateFV3/FMS/FMS_INSTALL
++ pwd
+ BASEDIR=/scratch3/NCEPDEV/stmp1/Bin.Li/updateFV3/MOM6
+ MACHINE_ID=theia
+ COMPILE_OPTION=theia-intel.mk
+ compile_MOM6_LIB=1
+ compile_ocean_only=0
+ compile_MOM6_SIS2=0
+ [[ 1 == 1 ]]
+ echo 'compile MOM6 library ...'
compile MOM6 library ...
+ cd /scratch3/NCEPDEV/stmp1/Bin.Li/updateFV3/MOM6
+ mkdir -p build/intel/MOM6_LIB/repro
+ cd build/intel/MOM6_LIB/repro
+ [[ -f path_names ]]
+ rm -f path_names
+ echo 'generating file_paths ...'
generating file_paths ...
+ ../../../../src/mkmf/bin/list_paths ../../../../src/MOM6/src/ALE/ ../../../../src/MOM6/src/core/ ../../../../src/MOM6/src/diagnostics/ ../../../../src/MOM6/src/equation_of_state/ ../../../../src/MOM6/src/framework/ ../../../../src/MOM6/src/ice_shelf/ ../../../../src/MOM6/src/initialization/ ../../../../src/MOM6/src/ocean_data_assim/ ../../../../src/MOM6/src/parameterizations/ ../../../../src/MOM6/src/tracer/ ../../../../src/MOM6/src/user/ ../../../../src/MOM6/src/equation_of_state/TEOS10/ ../../../../src/MOM6/src/ocean_data_assim/core/ ../../../../src/MOM6/src/ocean_data_assim/geoKdTree/ ../../../../src/MOM6/src/parameterizations/CVmix/ ../../../../src/MOM6/src/parameterizations/lateral/ ../../../../src/MOM6/src/parameterizations/vertical/ ../../../../src/MOM6/config_src/dynamic/ ../../../../src/MOM6/config_src/nuopc_driver/MOM_ocean_model.F90 ../../../../src/MOM6/config_src/nuopc_driver/MOM_surface_forcing.F90
A list of the files you checked out is in the file path_names.
+ echo 'generating makefile ...'
generating makefile ...
+ ../../../../src/mkmf/bin/mkmf -t ../../../../src/mkmf/templates/theia-intel.mk -p lib_ocean.a -o -I/scratch3/NCEPDEV/stmp1/Bin.Li/updateFV3/FMS/FMS_INSTALL path_names
........................................................................................................................................................................................................................................... Makefile is ready.
+ echo 'compiling MOM6 library...'
compiling MOM6 library...
+ make NETCDF=4 REPRO=1 lib_ocean.a
make[1]: Entering directory `/scratch3/NCEPDEV/stmp1/Bin.Li/updateFV3/MOM6/build/intel/MOM6_LIB/repro'
make[1]: `lib_ocean.a' is up to date.
make[1]: Leaving directory `/scratch3/NCEPDEV/stmp1/Bin.Li/updateFV3/MOM6/build/intel/MOM6_LIB/repro'
+ echo 'compiling MOM6 library successful'
compiling MOM6 library successful
+ echo 'compiling MOM6 library done'
compiling MOM6 library done
+ cd /scratch3/NCEPDEV/stmp1/Bin.Li/updateFV3/MOM6
+ mkdir -p exec/theia/
+ ln -s /scratch3/NCEPDEV/stmp1/Bin.Li/updateFV3/MOM6/build/intel/MOM6_LIB/repro exec/theia/lib_ocean
+ [[ 0 == 1 ]]
+ echo ==================================================
==================================================
+ [[ 0 == 1 ]]
+ echo 'Next recommended step is to rejoice out of happiness from a successful compile.'
Next recommended step is to rejoice out of happiness from a successful compile.
. /scratch3/NCEPDEV/stmp1/Bin.Li/updateFV3/NEMS/src/conf/module-setup.sh.inc ; stack=`ulimit -S -s`                  ; ulimit -S -s 200000                     ; module use /scratch3/NCEPDEV/stmp1/Bin.Li/updateFV3/NEMS/src/conf                 ; module load modules.nems              ; module list                           ; ulimit -S -s $stack ; cd /scratch3/NCEPDEV/stmp1/Bin.Li/updateFV3/MOM6                          ; \
  exec make -f makefile.nuopc COMP_SRCDIR="/scratch3/NCEPDEV/stmp1/Bin.Li/updateFV3/MOM6" COMP_BINDIR="/scratch3/NCEPDEV/stmp1/Bin.Li/updateFV3/MOM6/MOM6_INSTALL" FMS_BINDIR="/scratch3/NCEPDEV/stmp1/Bin.Li/updateFV3/FMS/FMS_INSTALL" MACHINE_ID="theia"               \
  "FMSDIR=/scratch3/NCEPDEV/stmp1/Bin.Li/updateFV3/FMS/FMS_INSTALL"                                        \
  "NEMSMOMDIR=/scratch3/NCEPDEV/stmp1/Bin.Li/updateFV3/MOM6/exec/theia"                \
  "INSTALLDIR=/scratch3/NCEPDEV/stmp1/Bin.Li/updateFV3/MOM6/MOM6_INSTALL" install
Warning: The Slurm module is no longer needed and will be removed on August 1st
2019 

Currently Loaded Modules:
  1) intel/15.1.133       5) bacio/v2.0.1   9) w3emc/v2.0.5
  2) impi/5.1.1.109       6) sp/v2.0.2     10) nemsio/v2.2.3
  3) netcdf/4.3.0         7) ip/v2.0.0     11) esmf/8.0.0bs21
  4) pnetcdf/1.5.0-impi   8) w3nco/v2.0.6  12) modules.nems

 

make[1]: Entering directory `/scratch3/NCEPDEV/stmp1/Bin.Li/updateFV3/MOM6'
rm -f mom6.mk.install
mkdir -p /scratch3/NCEPDEV/stmp1/Bin.Li/updateFV3/MOM6/MOM6_INSTALL
cp -f /scratch3/NCEPDEV/stmp1/Bin.Li/updateFV3/MOM6/exec/theia/lib_ocean/lib_ocean.a /scratch3/NCEPDEV/stmp1/Bin.Li/updateFV3/MOM6/MOM6_INSTALL
cp -f libmom.a mom_cap_mod.mod /scratch3/NCEPDEV/stmp1/Bin.Li/updateFV3/MOM6/MOM6_INSTALL
cp -f mom6.mk.install /scratch3/NCEPDEV/stmp1/Bin.Li/updateFV3/MOM6/MOM6_INSTALL/mom6.mk
make[1]: Leaving directory `/scratch3/NCEPDEV/stmp1/Bin.Li/updateFV3/MOM6'
test -d "/scratch3/NCEPDEV/stmp1/Bin.Li/updateFV3/MOM6/MOM6_INSTALL"
test -s "/scratch3/NCEPDEV/stmp1/Bin.Li/updateFV3/MOM6/MOM6_INSTALL/mom6.mk"
. /scratch3/NCEPDEV/stmp1/Bin.Li/updateFV3/NEMS/src/conf/module-setup.sh.inc ; stack=`ulimit -S -s`                  ; ulimit -S -s 200000                     ; module use /scratch3/NCEPDEV/stmp1/Bin.Li/updateFV3/NEMS/src/conf                 ; module load modules.nems              ; module list                           ; ulimit -S -s $stack                                                   ; \
set -eu                                                           ; \
export COMP_SRCDIR=/scratch3/NCEPDEV/stmp1/Bin.Li/updateFV3/CICE COMP_BINDIR=/scratch3/NCEPDEV/stmp1/Bin.Li/updateFV3/CICE/CICE_INSTALL SITE="NEMS.theia" SYSTEM_USERDIR="/scratch3/NCEPDEV/stmp1/Bin.Li/updateFV3/CICE" SRCDIR="/scratch3/NCEPDEV/stmp1/Bin.Li/updateFV3/CICE" EXEDIR="/scratch3/NCEPDEV/stmp1/Bin.Li/updateFV3/CICE" NEMS_GRID="T126_mx5"                                           ; \
cd /scratch3/NCEPDEV/stmp1/Bin.Li/updateFV3/CICE                                                 ; \
./comp_ice.backend
Warning: The Slurm module is no longer needed and will be removed on August 1st
2019 

Currently Loaded Modules:
  1) intel/15.1.133       5) bacio/v2.0.1   9) w3emc/v2.0.5
  2) impi/5.1.1.109       6) sp/v2.0.2     10) nemsio/v2.2.3
  3) netcdf/4.3.0         7) ip/v2.0.0     11) esmf/8.0.0bs21
  4) pnetcdf/1.5.0-impi   8) w3nco/v2.0.6  12) modules.nems

 

NEMS_GRID = T126_mx025 
tcx comp_ice.backend res grid mx025 1440x1080
ARCH is Linux.NEMS.theia
gmake[1]: Entering directory `/scratch3/NCEPDEV/stmp1/Bin.Li/updateFV3/CICE_SRC/lanl_cice/compile'
mpiifort -o /scratch3/NCEPDEV/stmp1/Bin.Li/updateFV3/CICE/cice  CICE.o CICE_FinalMod.o CICE_InitMod.o CICE_RunMod.o ice_aerosol.o ice_age.o ice_algae.o ice_atmo.o ice_blocks.o ice_boundary.o ice_brine.o ice_broadcast.o ice_calendar.o ice_communicate.o ice_constants.o ice_diagnostics.o ice_distribution.o ice_domain.o ice_domain_size.o ice_dyn_eap.o ice_dyn_evp.o ice_dyn_shared.o ice_exit.o ice_fileunits.o ice_firstyear.o ice_flux.o ice_forcing.o ice_gather_scatter.o ice_global_reductions.o ice_grid.o ice_history.o ice_history_bgc.o ice_history_drag.o ice_history_mechred.o ice_history_pond.o ice_history_shared.o ice_history_write.o ice_init.o ice_itd.o ice_kinds_mod.o ice_lvl.o ice_mechred.o ice_meltpond_cesm.o ice_meltpond_lvl.o ice_meltpond_topo.o ice_ocean.o ice_orbital.o ice_read_write.o ice_restart.o ice_restart_driver.o ice_restart_shared.o ice_restoring.o ice_shortwave.o ice_spacecurve.o ice_state.o ice_step_mod.o ice_therm_0layer.o ice_therm_bl99.o ice_therm_itd.o ice_therm_mushy.o ice_therm_shared.o ice_therm_vertical.o ice_timers.o ice_transport_driver.o ice_transport_remap.o ice_zbgc.o ice_zbgc_shared.o shr_orb_mod.o  -L/apps/netcdf/4.3.0-intel/lib -lnetcdf -L/glade/apps/opt/lapack/3.4.2/intel/12.1.5/lib -llapack -lblas -L/apps/netcdf/4.3.0-intel/lib -lnetcdf -lnetcdff
ld: cannot find -llapack
ld: cannot find -lblas
gmake[1]: *** [/scratch3/NCEPDEV/stmp1/Bin.Li/updateFV3/CICE/cice] Error 1
gmake[1]: Leaving directory `/scratch3/NCEPDEV/stmp1/Bin.Li/updateFV3/CICE_SRC/lanl_cice/compile'
/scratch3/NCEPDEV/stmp1/Bin.Li/updateFV3/CICE_SRC/lanl_cice
NTASK = 48
global N, block_size
x    1440,    60
y    1080,    540
max_blocks = 1
1 = TRAGE, iage tracer
1 = TRFY, first-year ice tracer
1 = TRLVL, level-ice tracers
1 = TRPND, melt pond tracers
0 = NTRAERO, number of aerosol tracers
0 = TRBRI, brine height tracer
7 = NBGCLYR, number of bio grid layers
0 = TRBGCS, number of BGC tracers
. /scratch3/NCEPDEV/stmp1/Bin.Li/updateFV3/NEMS/src/conf/module-setup.sh.inc ; stack=`ulimit -S -s`                  ; ulimit -S -s 200000                     ; module use /scratch3/NCEPDEV/stmp1/Bin.Li/updateFV3/NEMS/src/conf                 ; module load modules.nems              ; module list                           ; ulimit -S -s $stack ; cd /scratch3/NCEPDEV/stmp1/Bin.Li/updateFV3/CICE_CAP ; exec make -f makefile.nuopc    \
  COMP_SRCDIR=/scratch3/NCEPDEV/stmp1/Bin.Li/updateFV3/CICE COMP_BINDIR=/scratch3/NCEPDEV/stmp1/Bin.Li/updateFV3/CICE/CICE_INSTALL SITE="NEMS.theia" SYSTEM_USERDIR="/scratch3/NCEPDEV/stmp1/Bin.Li/updateFV3/CICE" SRCDIR="/scratch3/NCEPDEV/stmp1/Bin.Li/updateFV3/CICE" EXEDIR="/scratch3/NCEPDEV/stmp1/Bin.Li/updateFV3/CICE" NEMS_GRID="T126_mx5"                                                  \
  "LANLCICEDIR=/scratch3/NCEPDEV/stmp1/Bin.Li/updateFV3/CICE" "INSTALLDIR=/scratch3/NCEPDEV/stmp1/Bin.Li/updateFV3/CICE/CICE_INSTALL" install
Warning: The Slurm module is no longer needed and will be removed on August 1st
2019 

Currently Loaded Modules:
  1) intel/15.1.133       5) bacio/v2.0.1   9) w3emc/v2.0.5
  2) impi/5.1.1.109       6) sp/v2.0.2     10) nemsio/v2.2.3
  3) netcdf/4.3.0         7) ip/v2.0.0     11) esmf/8.0.0bs21
  4) pnetcdf/1.5.0-impi   8) w3nco/v2.0.6  12) modules.nems

 

make[1]: Entering directory `/scratch3/NCEPDEV/stmp1/Bin.Li/updateFV3/CICE_SRC/lanl_cice_cap'
rm -f cice.mk.install
mkdir -p /scratch3/NCEPDEV/stmp1/Bin.Li/updateFV3/CICE/CICE_INSTALL
cp -f /scratch3/NCEPDEV/stmp1/Bin.Li/updateFV3/CICE/liblanl_cice.a /scratch3/NCEPDEV/stmp1/Bin.Li/updateFV3/CICE/CICE_INSTALL
cp -f libcice.a cice_cap_mod.mod /scratch3/NCEPDEV/stmp1/Bin.Li/updateFV3/CICE/CICE_INSTALL 
cp -f cice.mk.install /scratch3/NCEPDEV/stmp1/Bin.Li/updateFV3/CICE/CICE_INSTALL/cice.mk
make[1]: Leaving directory `/scratch3/NCEPDEV/stmp1/Bin.Li/updateFV3/CICE_SRC/lanl_cice_cap'
test -f /scratch3/NCEPDEV/stmp1/Bin.Li/updateFV3/CICE/CICE_INSTALL/cice.mk
( \
echo "# Do not edit this file.  It is automatically generated." ; \
echo "# Edit the component list or /scratch3/NCEPDEV/stmp1/Bin.Li/updateFV3/NEMS/src/conf/configure.nems.NUOPC.in"                          ; \
echo ; cat "/scratch3/NCEPDEV/stmp1/Bin.Li/updateFV3/NEMS/src/conf/configure.nems.NUOPC.in"                                                 ; \
echo fms_mk="/scratch3/NCEPDEV/stmp1/Bin.Li/updateFV3/FMS/FMS_INSTALL/fms.mk" ; echo fv3_mk="/scratch3/NCEPDEV/stmp1/Bin.Li/updateFV3/FV3/FV3_INSTALL/fv3.mk" ; echo mom6_mk="/scratch3/NCEPDEV/stmp1/Bin.Li/updateFV3/MOM6/MOM6_INSTALL/mom6.mk" ; echo cice_mk="/scratch3/NCEPDEV/stmp1/Bin.Li/updateFV3/CICE/CICE_INSTALL/cice.mk" ; ) > "/scratch3/NCEPDEV/stmp1/Bin.Li/updateFV3/NEMS/src/conf/configure.nems.NUOPC"
. /scratch3/NCEPDEV/stmp1/Bin.Li/updateFV3/NEMS/src/conf/module-setup.sh.inc ; stack=`ulimit -S -s`                  ; ulimit -S -s 200000                     ; module use /scratch3/NCEPDEV/stmp1/Bin.Li/updateFV3/NEMS/src/conf                 ; module load modules.nems              ; module list                           ; ulimit -S -s $stack                                         ; \
set -e                                                  ; \
for m in /scratch3/NCEPDEV/stmp1/Bin.Li/updateFV3/FMS/FMS_INSTALL/fms.mk /scratch3/NCEPDEV/stmp1/Bin.Li/updateFV3/FV3/FV3_INSTALL/fv3.mk /scratch3/NCEPDEV/stmp1/Bin.Li/updateFV3/MOM6/MOM6_INSTALL/mom6.mk /scratch3/NCEPDEV/stmp1/Bin.Li/updateFV3/CICE/CICE_INSTALL/cice.mk ; do                   \
  test -s $m                                           ; \
done                                                    ; \
echo build NEMS after /scratch3/NCEPDEV/stmp1/Bin.Li/updateFV3/FMS/FMS_INSTALL/fms.mk /scratch3/NCEPDEV/stmp1/Bin.Li/updateFV3/FV3/FV3_INSTALL/fv3.mk /scratch3/NCEPDEV/stmp1/Bin.Li/updateFV3/MOM6/MOM6_INSTALL/mom6.mk /scratch3/NCEPDEV/stmp1/Bin.Li/updateFV3/CICE/CICE_INSTALL/cice.mk         ; \
cd /scratch3/NCEPDEV/stmp1/Bin.Li/updateFV3/NEMS/src                                       ; \
make nems                              \
          COMPONENTS="FMS FV3 MOM6 CICE"                      \
          FMS_DIR=/scratch3/NCEPDEV/stmp1/Bin.Li/updateFV3/FMS/FMS_INSTALL FV3_DIR=/scratch3/NCEPDEV/stmp1/Bin.Li/updateFV3/FV3/FV3_INSTALL MOM6_DIR=/scratch3/NCEPDEV/stmp1/Bin.Li/updateFV3/MOM6/MOM6_INSTALL CICE_DIR=/scratch3/NCEPDEV/stmp1/Bin.Li/updateFV3/CICE/CICE_INSTALL TARGET="/scratch3/NCEPDEV/stmp1/Bin.Li/updateFV3/NEMS/exe/NEMS.x"    ; \
test -x /scratch3/NCEPDEV/stmp1/Bin.Li/updateFV3/NEMS/exe/NEMS.x
Warning: The Slurm module is no longer needed and will be removed on August 1st
2019 

Currently Loaded Modules:
  1) intel/15.1.133       5) bacio/v2.0.1   9) w3emc/v2.0.5
  2) impi/5.1.1.109       6) sp/v2.0.2     10) nemsio/v2.2.3
  3) netcdf/4.3.0         7) ip/v2.0.0     11) esmf/8.0.0bs21
  4) pnetcdf/1.5.0-impi   8) w3nco/v2.0.6  12) modules.nems

 

build NEMS after /scratch3/NCEPDEV/stmp1/Bin.Li/updateFV3/FMS/FMS_INSTALL/fms.mk /scratch3/NCEPDEV/stmp1/Bin.Li/updateFV3/FV3/FV3_INSTALL/fv3.mk /scratch3/NCEPDEV/stmp1/Bin.Li/updateFV3/MOM6/MOM6_INSTALL/mom6.mk /scratch3/NCEPDEV/stmp1/Bin.Li/updateFV3/CICE/CICE_INSTALL/cice.mk
Components in linker order: CICE MOM6 FV3 FMS
CICE: include /scratch3/NCEPDEV/stmp1/Bin.Li/updateFV3/CICE/CICE_INSTALL/cice.mk
MOM6: include /scratch3/NCEPDEV/stmp1/Bin.Li/updateFV3/MOM6/MOM6_INSTALL/mom6.mk
FV3: include /scratch3/NCEPDEV/stmp1/Bin.Li/updateFV3/FV3/FV3_INSTALL/fv3.mk
FMS: include /scratch3/NCEPDEV/stmp1/Bin.Li/updateFV3/FMS/FMS_INSTALL/fms.mk
CPPFLAGS += ESMF_VERSION_MINOR="0"
CPPFLAGS += ESMF_VERSION_BETASNAPSHOT="'T'"
CPPFLAGS += ESMF_VERSION_PATCHLEVEL="0"
CPPFLAGS += ESMF_VERSION_STRING="8.0.0 beta snapshot"
CPPFLAGS += ESMF_VERSION_REVISION="0"
CPPFLAGS += ESMF_VERSION_MAJOR="8"
CPPFLAGS += ESMF_VERSION_PUBLIC="'F'"
make[1]: Entering directory `/scratch3/NCEPDEV/stmp1/Bin.Li/updateFV3/NEMS/src'
cd ENS_Cpl             && make stub
make[2]: Entering directory `/scratch3/NCEPDEV/stmp1/Bin.Li/updateFV3/NEMS/src/ENS_Cpl'
ar rv ENS_Cpl.a ENS_CplComp_ESMFMod_STUB.o
r - ENS_CplComp_ESMFMod_STUB.o
make[2]: Leaving directory `/scratch3/NCEPDEV/stmp1/Bin.Li/updateFV3/NEMS/src/ENS_Cpl'
echo libgocart is 
libgocart is
echo extlibs is /scratch3/NCEPDEV/nceplibs/libnemsio_v2.2.3.a /scratch3/NCEPDEV/nwprod/lib/bacio/v2.0.1/libbacio_v2.0.1_4.a /scratch3/NCEPDEV/nwprod/lib/sp/v2.0.2/libsp_v2.0.2_d.a /scratch3/NCEPDEV/nwprod/lib/w3emc/v2.0.5/libw3emc_v2.0.5_d.a /scratch3/NCEPDEV/nwprod/lib/w3nco/v2.0.6/libw3nco_v2.0.6_d.a -L/scratch4/NCEPDEV/nems/noscrub/emc.nemspara/soft/esmf/8.0.0bs21/lib -Wl,-rpath,/scratch4/NCEPDEV/nems/noscrub/emc.nemspara/soft/esmf/8.0.0bs21/lib -lesmf  -cxxlib -lrt -ldl -lnetcdff -lnetcdf  -qopenmp  -L/apps/netcdf/4.3.0-intel/lib -lnetcdff -lnetcdf
extlibs is /scratch3/NCEPDEV/nceplibs/libnemsio_v2.2.3.a /scratch3/NCEPDEV/nwprod/lib/bacio/v2.0.1/libbacio_v2.0.1_4.a /scratch3/NCEPDEV/nwprod/lib/sp/v2.0.2/libsp_v2.0.2_d.a /scratch3/NCEPDEV/nwprod/lib/w3emc/v2.0.5/libw3emc_v2.0.5_d.a /scratch3/NCEPDEV/nwprod/lib/w3nco/v2.0.6/libw3nco_v2.0.6_d.a -L/scratch4/NCEPDEV/nems/noscrub/emc.nemspara/soft/esmf/8.0.0bs21/lib -Wl,-rpath,/scratch4/NCEPDEV/nems/noscrub/emc.nemspara/soft/esmf/8.0.0bs21/lib -lesmf -cxxlib -lrt -ldl -lnetcdff -lnetcdf -qopenmp -L/apps/netcdf/4.3.0-intel/lib -lnetcdff -lnetcdf
mpiifort  -o /scratch3/NCEPDEV/stmp1/Bin.Li/updateFV3/NEMS/exe/NEMS.x MAIN_NEMS.o module_NEMS_UTILS.o module_MEDIATOR_methods.o module_MEDIATOR.o module_MEDIATOR_SpaceWeather.o module_EARTH_INTERNAL_STATE.o module_EARTH_GRID_COMP.o module_NEMS_INTERNAL_STATE.o module_NEMS_GRID_COMP.o module_NEMS_Rusage.o nems_c_rusage.o  /scratch3/NCEPDEV/stmp1/Bin.Li/updateFV3/CICE/CICE_INSTALL/libcice.a /scratch3/NCEPDEV/stmp1/Bin.Li/updateFV3/CICE/CICE_INSTALL/liblanl_cice.a /scratch3/NCEPDEV/stmp1/Bin.Li/updateFV3/MOM6/MOM6_INSTALL/libmom.a /scratch3/NCEPDEV/stmp1/Bin.Li/updateFV3/MOM6/MOM6_INSTALL/lib_ocean.a /scratch3/NCEPDEV/stmp1/Bin.Li/updateFV3/FV3/FV3_INSTALL/libfv3cap.a /scratch3/NCEPDEV/stmp1/Bin.Li/updateFV3/FV3/FV3_INSTALL/libfv3core.a /scratch3/NCEPDEV/stmp1/Bin.Li/updateFV3/FV3/FV3_INSTALL/libfv3io.a /scratch3/NCEPDEV/stmp1/Bin.Li/updateFV3/FV3/FV3_INSTALL/libipd.a /scratch3/NCEPDEV/stmp1/Bin.Li/updateFV3/FV3/FV3_INSTALL/libgfsphys.a /scratch3/NCEPDEV/stmp1/Bin.Li/updateFV3/FV3/FV3_INSTALL/libfv3cpl.a /scratch3/NCEPDEV/stmp1/Bin.Li/updateFV3/FV3/FV3_INSTALL/libstochastic_physics.a /scratch3/NCEPDEV/stmp1/Bin.Li/updateFV3/FMS/FMS_INSTALL/libfms.a ENS_Cpl/ENS_Cpl.a /scratch3/NCEPDEV/nceplibs/libnemsio_v2.2.3.a /scratch3/NCEPDEV/nwprod/lib/bacio/v2.0.1/libbacio_v2.0.1_4.a /scratch3/NCEPDEV/nwprod/lib/sp/v2.0.2/libsp_v2.0.2_d.a /scratch3/NCEPDEV/nwprod/lib/w3emc/v2.0.5/libw3emc_v2.0.5_d.a /scratch3/NCEPDEV/nwprod/lib/w3nco/v2.0.6/libw3nco_v2.0.6_d.a -L/scratch4/NCEPDEV/nems/noscrub/emc.nemspara/soft/esmf/8.0.0bs21/lib -Wl,-rpath,/scratch4/NCEPDEV/nems/noscrub/emc.nemspara/soft/esmf/8.0.0bs21/lib -lesmf  -cxxlib -lrt -ldl -lnetcdff -lnetcdf  -qopenmp  -L/apps/netcdf/4.3.0-intel/lib -lnetcdff -lnetcdf  
/scratch3/NCEPDEV/stmp1/Bin.Li/updateFV3/NEMS/exe/NEMS.x is created.
make[1]: Leaving directory `/scratch3/NCEPDEV/stmp1/Bin.Li/updateFV3/NEMS/src'
+ cd /scratch3/NCEPDEV/stmp1/Bin.Li/updateFV3/NEMS/src
+ cp -fp ../exe/NEMS.x /scratch3/NCEPDEV/stmp2/Bin.Li/rtgen.70664/exec/fv3_mom6_cice.exe
+ cp -fp conf/modules.nems /scratch3/NCEPDEV/stmp2/Bin.Li/rtgen.70664/include/modules_fv3_mom6_cice
+ md5sum /scratch3/NCEPDEV/stmp2/Bin.Li/rtgen.70664/exec/fv3_mom6_cice.exe
+ unset md5sum
+ unset OPTS
+ set -xe
+ set -xe
+ test -s /scratch3/NCEPDEV/stmp2/Bin.Li/rtgen.70664/exec/fv3_mom6_cice.exe
+ test -x /scratch3/NCEPDEV/stmp2/Bin.Li/rtgen.70664/exec/fv3_mom6_cice.exe
_______________________________________________________________
Start Epilog v19.04.17 on node t1192 for job 1051832 :: Wed Jun 19 12:54:31 UTC 2019
Job 1051832 (not serial) finished for user Bin.Li in partition theia with exit code 0:0
_______________________________________________________________
End Epilogue v19.04.17 Wed Jun 19 12:54:31 UTC 2019
