+ [[ fv3_mom6_cice.exe == fv3_mom6_cice.exe ]]
+ rm -f /ptmpp2/Bin.Li/rtgen.31391/exec/fv3_mom6_cice.exe
+ md5sum=/ptmpp2/Bin.Li/rtgen.31391/exec/fv3_mom6_cice.exe.md5
+ OPTS=app=coupledFV3_MOM6_CICE
+ mkdir -p /ptmpp2/Bin.Li/rtgen.31391/exec /ptmpp2/Bin.Li/rtgen.31391/include
+ rm -f /ptmpp2/Bin.Li/rtgen.31391/exec/fv3_mom6_cice.exe /ptmpp2/Bin.Li/rtgen.31391/include/modules_fv3_mom6_cice
+ cd /gpfs/td1/emc/marine/save/Bin.Li/update11/EMC_FV3-MOM6-CICE5
+ which aprun
which: no aprun in (/usrx/local/lsf/9.1/linux2.6-glibc2.3-x86_64/bin:/hwrf/noscrub/soft/emc-utils-1.0.0//bin:/emc/hwrf/noscrub/soft/ruby-1.8.7-p374/bin:/usrx/local/emc_rocoto/1.3.0rc2/bin:/usrx/local/lsf/9.1/linux2.6-glibc2.3-x86_64/etc:/usr/lib64/qt-3.3/bin:/usr/local/bin:/bin:/usr/bin:/usr/local/sbin:/usr/sbin:/sbin:/opt/ibutils/bin:/u/Bin.Li/bin:/usr/bin)
+ ./NEMS/NEMSAppBuilder norebuild app=coupledFV3_MOM6_CICE
ls: cannot access ../conf/component_*.mk: No such file or directory
NEMSAppBuilder: make  app=coupledFV3_MOM6_CICE build
Convert /gpfs/td1/emc/marine/save/Bin.Li/update11/EMC_FV3-MOM6-CICE5/coupledFV3_MOM6_CICE.appBuilder
...into /gpfs/td1/emc/marine/save/Bin.Li/update11/EMC_FV3-MOM6-CICE5/coupledFV3_MOM6_CICE.appBuilder.mk
Include /gpfs/td1/emc/marine/save/Bin.Li/update11/EMC_FV3-MOM6-CICE5/coupledFV3_MOM6_CICE.appBuilder.mk
echo 'FMS FV3 MOM6 CICE' > "/gpfs/td1/emc/marine/save/Bin.Li/update11/EMC_FV3-MOM6-CICE5/NEMS/src/conf/components.mk"
Adding FV3 makeopts to FMS makeopts
. /gpfs/td1/emc/marine/save/Bin.Li/update11/EMC_FV3-MOM6-CICE5/NEMS/src/conf/module-setup.sh.inc ; stack=`ulimit -S -s`                  ; ulimit -S -s 200000                     ; module use /gpfs/td1/emc/marine/save/Bin.Li/update11/EMC_FV3-MOM6-CICE5/NEMS/src/conf                 ; module load modules.nems              ; module list                           ; ulimit -S -s $stack ; cd /gpfs/td1/emc/marine/save/Bin.Li/update11/EMC_FV3-MOM6-CICE5/FMS/fv3gfs                      ; \
	exec make  all
Currently Loaded Modulefiles:
  1) ics/16.0.3          8) png/v1.2.44        15) w3emc/2.3.1
  2) ibmpe/1.3.0.12      9) crtm/v2.2.4        16) nemsio/2.2.4
  3) HDF5/1.8.9/serial  10) g2/3.1.1           17) g2tmpl/1.5.1
  4) NetCDF/4.2/serial  11) bacio/2.0.3        18) post/8.0.0
  5) z/v1.2.6           12) ip/3.0.2           19) esmf/8.0.0
  6) lsf/9.1            13) sp/2.0.3           20) modules.nems
  7) jasper/v1.900.1    14) w3nco/2.0.7
make[1]: Entering directory `/gpfs/td1/emc/marine/save/Bin.Li/update11/EMC_FV3-MOM6-CICE5/FMS/fv3gfs'
mkdir -p "/gpfs/td1/emc/marine/save/Bin.Li/update11/EMC_FV3-MOM6-CICE5/FMS/FMS_INSTALL"
mv fms.mk "/gpfs/td1/emc/marine/save/Bin.Li/update11/EMC_FV3-MOM6-CICE5/FMS/FMS_INSTALL/."
cp -fp *.a *.mod ../include/*.h "/gpfs/td1/emc/marine/save/Bin.Li/update11/EMC_FV3-MOM6-CICE5/FMS/FMS_INSTALL"/.
make[1]: Leaving directory `/gpfs/td1/emc/marine/save/Bin.Li/update11/EMC_FV3-MOM6-CICE5/FMS/fv3gfs'
test -d /gpfs/td1/emc/marine/save/Bin.Li/update11/EMC_FV3-MOM6-CICE5/FMS/FMS_INSTALL
Compiling  into /gpfs/td1/emc/marine/save/Bin.Li/update11/EMC_FV3-MOM6-CICE5/FV3/FV3_INSTALL on wcoss
cp -fp /gpfs/td1/emc/marine/save/Bin.Li/update11/EMC_FV3-MOM6-CICE5/NEMS/src/conf/configure.nems \
	       "/gpfs/td1/emc/marine/save/Bin.Li/update11/EMC_FV3-MOM6-CICE5/FV3"/conf/configure.fv3
cp -fp /gpfs/td1/emc/marine/save/Bin.Li/update11/EMC_FV3-MOM6-CICE5/NEMS/src/conf/modules.nems   \
	       "/gpfs/td1/emc/marine/save/Bin.Li/update11/EMC_FV3-MOM6-CICE5/FV3"/conf/modules.fv3
. /gpfs/td1/emc/marine/save/Bin.Li/update11/EMC_FV3-MOM6-CICE5/NEMS/src/conf/module-setup.sh.inc ; stack=`ulimit -S -s`                  ; ulimit -S -s 200000                     ; module use /gpfs/td1/emc/marine/save/Bin.Li/update11/EMC_FV3-MOM6-CICE5/NEMS/src/conf                 ; module load modules.nems              ; module list                           ; ulimit -S -s $stack ; cd /gpfs/td1/emc/marine/save/Bin.Li/update11/EMC_FV3-MOM6-CICE5/FV3 ; \
	  exec make COMP=FV3 COMP_SRCDIR=/gpfs/td1/emc/marine/save/Bin.Li/update11/EMC_FV3-MOM6-CICE5/FV3 COMP_BINDIR=/gpfs/td1/emc/marine/save/Bin.Li/update11/EMC_FV3-MOM6-CICE5/FV3/FV3_INSTALL MACHINE_ID=wcoss FMS_DIR=/gpfs/td1/emc/marine/save/Bin.Li/update11/EMC_FV3-MOM6-CICE5/FMS/FMS_INSTALL  nemsinstall
Currently Loaded Modulefiles:
  1) ics/16.0.3          8) png/v1.2.44        15) w3emc/2.3.1
  2) ibmpe/1.3.0.12      9) crtm/v2.2.4        16) nemsio/2.2.4
  3) HDF5/1.8.9/serial  10) g2/3.1.1           17) g2tmpl/1.5.1
  4) NetCDF/4.2/serial  11) bacio/2.0.3        18) post/8.0.0
  5) z/v1.2.6           12) ip/3.0.2           19) esmf/8.0.0
  6) lsf/9.1            13) sp/2.0.3           20) modules.nems
  7) jasper/v1.900.1    14) w3nco/2.0.7
make[1]: Entering directory `/gpfs/td1/emc/marine/save/Bin.Li/update11/EMC_FV3-MOM6-CICE5/FV3'
make -C cpl                  FMS_DIR=/gpfs/td1/emc/marine/save/Bin.Li/update11/EMC_FV3-MOM6-CICE5/FMS/FMS_INSTALL

Build standalone FV3 io ...

make[2]: Entering directory `/gpfs/td1/emc/marine/save/Bin.Li/update11/EMC_FV3-MOM6-CICE5/FV3/cpl'
make[2]: Nothing to be done for `all'.
make[2]: Leaving directory `/gpfs/td1/emc/marine/save/Bin.Li/update11/EMC_FV3-MOM6-CICE5/FV3/cpl'
make -C gfsphysics      FMS_DIR=/gpfs/td1/emc/marine/save/Bin.Li/update11/EMC_FV3-MOM6-CICE5/FMS/FMS_INSTALL 32BIT=N  # force gfs physics to 64bit

Build standalone FV3 gfsphysics ...

make[2]: Entering directory `/gpfs/td1/emc/marine/save/Bin.Li/update11/EMC_FV3-MOM6-CICE5/FV3/gfsphysics'
make[2]: Nothing to be done for `all'.
make[2]: Leaving directory `/gpfs/td1/emc/marine/save/Bin.Li/update11/EMC_FV3-MOM6-CICE5/FV3/gfsphysics'
make -C ipd                  FMS_DIR=/gpfs/td1/emc/marine/save/Bin.Li/update11/EMC_FV3-MOM6-CICE5/FMS/FMS_INSTALL 32BIT=N  # force gfs physics to 64bit

Build standalone FV3 gfsphysics ...

make[2]: Entering directory `/gpfs/td1/emc/marine/save/Bin.Li/update11/EMC_FV3-MOM6-CICE5/FV3/ipd'
make[2]: Nothing to be done for `all'.
make[2]: Leaving directory `/gpfs/td1/emc/marine/save/Bin.Li/update11/EMC_FV3-MOM6-CICE5/FV3/ipd'
make -C io                   FMS_DIR=/gpfs/td1/emc/marine/save/Bin.Li/update11/EMC_FV3-MOM6-CICE5/FMS/FMS_INSTALL

Build standalone FV3 io ...

$ESMF_INC is [-I/nems/noscrub/emc.nemspara/soft/esmf/8.0.0/mod -I/nems/noscrub/emc.nemspara/soft/esmf/8.0.0/include -I/usrx/local/NetCDF/4.2/serial/include]
make[2]: Entering directory `/gpfs/td1/emc/marine/save/Bin.Li/update11/EMC_FV3-MOM6-CICE5/FV3/io'
make[2]: Nothing to be done for `all'.
make[2]: Leaving directory `/gpfs/td1/emc/marine/save/Bin.Li/update11/EMC_FV3-MOM6-CICE5/FV3/io'
make -C atmos_cubed_sphere   FMS_DIR=/gpfs/td1/emc/marine/save/Bin.Li/update11/EMC_FV3-MOM6-CICE5/FMS/FMS_INSTALL

Build standalone FV3 fv3core ...

make[2]: Entering directory `/gpfs/td1/emc/marine/save/Bin.Li/update11/EMC_FV3-MOM6-CICE5/FV3/atmos_cubed_sphere'
make[2]: Nothing to be done for `all'.
make[2]: Leaving directory `/gpfs/td1/emc/marine/save/Bin.Li/update11/EMC_FV3-MOM6-CICE5/FV3/atmos_cubed_sphere'
make -C ../stochastic_physics   FMS_DIR=/gpfs/td1/emc/marine/save/Bin.Li/update11/EMC_FV3-MOM6-CICE5/FMS/FMS_INSTALL 32BIT=N  # force gfs physics to 64bit

Build standalone FV3 stochastic_physics ...

make[2]: Entering directory `/gpfs/td1/emc/marine/save/Bin.Li/update11/EMC_FV3-MOM6-CICE5/stochastic_physics'
make[2]: Nothing to be done for `all'.
make[2]: Leaving directory `/gpfs/td1/emc/marine/save/Bin.Li/update11/EMC_FV3-MOM6-CICE5/stochastic_physics'
make libfv3cap.a  FMS_DIR=/gpfs/td1/emc/marine/save/Bin.Li/update11/EMC_FV3-MOM6-CICE5/FMS/FMS_INSTALL
make[2]: Entering directory `/gpfs/td1/emc/marine/save/Bin.Li/update11/EMC_FV3-MOM6-CICE5/FV3'
make[2]: `libfv3cap.a' is up to date.
make[2]: Leaving directory `/gpfs/td1/emc/marine/save/Bin.Li/update11/EMC_FV3-MOM6-CICE5/FV3'
make esmf_make_fragment FMS_DIR=/gpfs/td1/emc/marine/save/Bin.Li/update11/EMC_FV3-MOM6-CICE5/FMS/FMS_INSTALL
make[2]: Entering directory `/gpfs/td1/emc/marine/save/Bin.Li/update11/EMC_FV3-MOM6-CICE5/FV3'
# additional include files needed for PGI
#@echo "ESMF_DEP_INCPATH   = /gpfs/td1/emc/marine/save/Bin.Li/update11/EMC_FV3-MOM6-CICE5/FV3/nems_dir" >> fv3.mk

Finished generating ESMF self-describing build dependency makefile fragment: fv3.mk

make[2]: Leaving directory `/gpfs/td1/emc/marine/save/Bin.Li/update11/EMC_FV3-MOM6-CICE5/FV3'
Installation into "/gpfs/td1/emc/marine/save/Bin.Li/update11/EMC_FV3-MOM6-CICE5/FV3/FV3_INSTALL" complete!

make[1]: Leaving directory `/gpfs/td1/emc/marine/save/Bin.Li/update11/EMC_FV3-MOM6-CICE5/FV3'
test -d /gpfs/td1/emc/marine/save/Bin.Li/update11/EMC_FV3-MOM6-CICE5/FV3/FV3_INSTALL
rm -fr /gpfs/td1/emc/marine/save/Bin.Li/update11/EMC_FV3-MOM6-CICE5/MOM6/exec
. /gpfs/td1/emc/marine/save/Bin.Li/update11/EMC_FV3-MOM6-CICE5/NEMS/src/conf/module-setup.sh.inc ; stack=`ulimit -S -s`                  ; ulimit -S -s 200000                     ; module use /gpfs/td1/emc/marine/save/Bin.Li/update11/EMC_FV3-MOM6-CICE5/NEMS/src/conf                 ; module load modules.nems              ; module list                           ; ulimit -S -s $stack ; export COMP_SRCDIR="/gpfs/td1/emc/marine/save/Bin.Li/update11/EMC_FV3-MOM6-CICE5/MOM6" COMP_BINDIR="/gpfs/td1/emc/marine/save/Bin.Li/update11/EMC_FV3-MOM6-CICE5/MOM6_INSTALL" FMS_BINDIR="/gpfs/td1/emc/marine/save/Bin.Li/update11/EMC_FV3-MOM6-CICE5/FMS/FMS_INSTALL" MACHINE_ID="wcoss"                     ; \
	set -e                                                        ; \
	cd /gpfs/td1/emc/marine/save/Bin.Li/update11/EMC_FV3-MOM6-CICE5/MOM6                                             ; \
	./compile.sh --platform wcoss --fms-dir "/gpfs/td1/emc/marine/save/Bin.Li/update11/EMC_FV3-MOM6-CICE5/FMS/FMS_INSTALL"
Currently Loaded Modulefiles:
  1) ics/16.0.3          8) png/v1.2.44        15) w3emc/2.3.1
  2) ibmpe/1.3.0.12      9) crtm/v2.2.4        16) nemsio/2.2.4
  3) HDF5/1.8.9/serial  10) g2/3.1.1           17) g2tmpl/1.5.1
  4) NetCDF/4.2/serial  11) bacio/2.0.3        18) post/8.0.0
  5) z/v1.2.6           12) ip/3.0.2           19) esmf/8.0.0
  6) lsf/9.1            13) sp/2.0.3           20) modules.nems
  7) jasper/v1.900.1    14) w3nco/2.0.7
Will use FMS from: /gpfs/td1/emc/marine/save/Bin.Li/update11/EMC_FV3-MOM6-CICE5/FMS/FMS_INSTALL
++ pwd
+ BASEDIR=/gpfs/td1/emc/marine/save/Bin.Li/update11/EMC_FV3-MOM6-CICE5/MOM6
+ MACHINE_ID=wcoss
+ COMPILE_OPTION=wcoss-intel.mk
+ compile_MOM6_LIB=1
+ compile_ocean_only=0
+ compile_MOM6_SIS2=0
+ [[ 1 == 1 ]]
+ echo 'compile MOM6 library ...'
compile MOM6 library ...
+ cd /gpfs/td1/emc/marine/save/Bin.Li/update11/EMC_FV3-MOM6-CICE5/MOM6
+ mkdir -p build/intel/MOM6_LIB/repro
+ cd build/intel/MOM6_LIB/repro
+ [[ -f path_names ]]
+ rm -f path_names
+ echo 'generating file_paths ...'
generating file_paths ...
+ ../../../../src/mkmf/bin/list_paths ../../../../src/MOM6/src/ALE/ ../../../../src/MOM6/src/core/ ../../../../src/MOM6/src/diagnostics/ ../../../../src/MOM6/src/equation_of_state/ ../../../../src/MOM6/src/framework/ ../../../../src/MOM6/src/ice_shelf/ ../../../../src/MOM6/src/initialization/ ../../../../src/MOM6/src/ocean_data_assim/ ../../../../src/MOM6/src/parameterizations/ ../../../../src/MOM6/src/tracer/ ../../../../src/MOM6/src/user/ ../../../../src/MOM6/src/equation_of_state/TEOS10/ ../../../../src/MOM6/src/ocean_data_assim/core/ ../../../../src/MOM6/src/ocean_data_assim/geoKdTree/ ../../../../src/MOM6/src/parameterizations/CVmix/ ../../../../src/MOM6/src/parameterizations/lateral/ ../../../../src/MOM6/src/parameterizations/vertical/ ../../../../src/MOM6/config_src/dynamic/ ../../../../src/MOM6/config_src/nuopc_driver/mom_ocean_model_nuopc.F90 ../../../../src/MOM6/config_src/nuopc_driver/mom_surface_forcing_nuopc.F90
A list of the files you checked out is in the file path_names.
+ echo 'generating makefile ...'
generating makefile ...
+ ../../../../src/mkmf/bin/mkmf -t ../../../../src/mkmf/templates/wcoss-intel.mk -p lib_ocean.a -o -I/gpfs/td1/emc/marine/save/Bin.Li/update11/EMC_FV3-MOM6-CICE5/FMS/FMS_INSTALL path_names
........................................................................................................................................................................................................................................... Makefile is ready.
+ echo 'compiling MOM6 library...'
compiling MOM6 library...
+ make NETCDF=4 REPRO=1 lib_ocean.a
make[1]: Entering directory `/gpfs/td1/emc/marine/save/Bin.Li/update11/EMC_FV3-MOM6-CICE5/MOM6/build/intel/MOM6_LIB/repro'
make[1]: `lib_ocean.a' is up to date.
make[1]: Leaving directory `/gpfs/td1/emc/marine/save/Bin.Li/update11/EMC_FV3-MOM6-CICE5/MOM6/build/intel/MOM6_LIB/repro'
+ echo 'compiling MOM6 library successful'
compiling MOM6 library successful
+ echo 'compiling MOM6 library done'
compiling MOM6 library done
+ cd /gpfs/td1/emc/marine/save/Bin.Li/update11/EMC_FV3-MOM6-CICE5/MOM6
+ mkdir -p exec/wcoss/
+ ln -s /gpfs/td1/emc/marine/save/Bin.Li/update11/EMC_FV3-MOM6-CICE5/MOM6/build/intel/MOM6_LIB/repro exec/wcoss/lib_ocean
+ [[ 0 == 1 ]]
+ echo ==================================================
==================================================
+ [[ 0 == 1 ]]
+ echo 'Next recommended step is to rejoice out of happiness from a successful compile.'
Next recommended step is to rejoice out of happiness from a successful compile.
. /gpfs/td1/emc/marine/save/Bin.Li/update11/EMC_FV3-MOM6-CICE5/NEMS/src/conf/module-setup.sh.inc ; stack=`ulimit -S -s`                  ; ulimit -S -s 200000                     ; module use /gpfs/td1/emc/marine/save/Bin.Li/update11/EMC_FV3-MOM6-CICE5/NEMS/src/conf                 ; module load modules.nems              ; module list                           ; ulimit -S -s $stack ; cd /gpfs/td1/emc/marine/save/Bin.Li/update11/EMC_FV3-MOM6-CICE5/MOM6                          ; \
	  exec make -f makefile.nuopc COMP_SRCDIR="/gpfs/td1/emc/marine/save/Bin.Li/update11/EMC_FV3-MOM6-CICE5/MOM6" COMP_BINDIR="/gpfs/td1/emc/marine/save/Bin.Li/update11/EMC_FV3-MOM6-CICE5/MOM6_INSTALL" FMS_BINDIR="/gpfs/td1/emc/marine/save/Bin.Li/update11/EMC_FV3-MOM6-CICE5/FMS/FMS_INSTALL" MACHINE_ID="wcoss"               \
	  "FMSDIR=/gpfs/td1/emc/marine/save/Bin.Li/update11/EMC_FV3-MOM6-CICE5/FMS/FMS_INSTALL"                                        \
	  "NEMSMOMDIR=/gpfs/td1/emc/marine/save/Bin.Li/update11/EMC_FV3-MOM6-CICE5/MOM6/exec/wcoss"                \
	  "INSTALLDIR=/gpfs/td1/emc/marine/save/Bin.Li/update11/EMC_FV3-MOM6-CICE5/MOM6_INSTALL" install
Currently Loaded Modulefiles:
  1) ics/16.0.3          8) png/v1.2.44        15) w3emc/2.3.1
  2) ibmpe/1.3.0.12      9) crtm/v2.2.4        16) nemsio/2.2.4
  3) HDF5/1.8.9/serial  10) g2/3.1.1           17) g2tmpl/1.5.1
  4) NetCDF/4.2/serial  11) bacio/2.0.3        18) post/8.0.0
  5) z/v1.2.6           12) ip/3.0.2           19) esmf/8.0.0
  6) lsf/9.1            13) sp/2.0.3           20) modules.nems
  7) jasper/v1.900.1    14) w3nco/2.0.7
make[1]: Entering directory `/gpfs/td1/emc/marine/save/Bin.Li/update11/EMC_FV3-MOM6-CICE5/MOM6'
rm -f mom6.mk.install
mkdir -p /gpfs/td1/emc/marine/save/Bin.Li/update11/EMC_FV3-MOM6-CICE5/MOM6_INSTALL
cp -f /gpfs/td1/emc/marine/save/Bin.Li/update11/EMC_FV3-MOM6-CICE5/MOM6/exec/wcoss/lib_ocean/lib_ocean.a /gpfs/td1/emc/marine/save/Bin.Li/update11/EMC_FV3-MOM6-CICE5/MOM6_INSTALL
cp -f libmom.a mom_cap_mod.mod /gpfs/td1/emc/marine/save/Bin.Li/update11/EMC_FV3-MOM6-CICE5/MOM6_INSTALL
cp -f mom6.mk.install /gpfs/td1/emc/marine/save/Bin.Li/update11/EMC_FV3-MOM6-CICE5/MOM6_INSTALL/mom6.mk
make[1]: Leaving directory `/gpfs/td1/emc/marine/save/Bin.Li/update11/EMC_FV3-MOM6-CICE5/MOM6'
test -d "/gpfs/td1/emc/marine/save/Bin.Li/update11/EMC_FV3-MOM6-CICE5/MOM6_INSTALL"
test -s "/gpfs/td1/emc/marine/save/Bin.Li/update11/EMC_FV3-MOM6-CICE5/MOM6_INSTALL/mom6.mk"
. /gpfs/td1/emc/marine/save/Bin.Li/update11/EMC_FV3-MOM6-CICE5/NEMS/src/conf/module-setup.sh.inc ; stack=`ulimit -S -s`                  ; ulimit -S -s 200000                     ; module use /gpfs/td1/emc/marine/save/Bin.Li/update11/EMC_FV3-MOM6-CICE5/NEMS/src/conf                 ; module load modules.nems              ; module list                           ; ulimit -S -s $stack                                                   ; \
	set -eu                                                           ; \
	export COMP_SRCDIR=/gpfs/td1/emc/marine/save/Bin.Li/update11/EMC_FV3-MOM6-CICE5/CICE COMP_BINDIR=/gpfs/td1/emc/marine/save/Bin.Li/update11/EMC_FV3-MOM6-CICE5/CICE_INSTALL SITE="NEMS.wcoss" SYSTEM_USERDIR="/gpfs/td1/emc/marine/save/Bin.Li/update11/EMC_FV3-MOM6-CICE5/CICE" SRCDIR="/gpfs/td1/emc/marine/save/Bin.Li/update11/EMC_FV3-MOM6-CICE5/CICE" EXEDIR="/gpfs/td1/emc/marine/save/Bin.Li/update11/EMC_FV3-MOM6-CICE5/CICE" NEMS_GRID="T126_mx5"                                           ; \
	cd /gpfs/td1/emc/marine/save/Bin.Li/update11/EMC_FV3-MOM6-CICE5/CICE                                                 ; \
	./comp_ice.backend
Currently Loaded Modulefiles:
  1) ics/16.0.3          8) png/v1.2.44        15) w3emc/2.3.1
  2) ibmpe/1.3.0.12      9) crtm/v2.2.4        16) nemsio/2.2.4
  3) HDF5/1.8.9/serial  10) g2/3.1.1           17) g2tmpl/1.5.1
  4) NetCDF/4.2/serial  11) bacio/2.0.3        18) post/8.0.0
  5) z/v1.2.6           12) ip/3.0.2           19) esmf/8.0.0
  6) lsf/9.1            13) sp/2.0.3           20) modules.nems
  7) jasper/v1.900.1    14) w3nco/2.0.7
NEMS_GRID = T126_mx025 
tcx comp_ice.backend res grid mx025 1440x1080
ARCH is Linux.NEMS.wcoss
gmake[1]: Entering directory `/gpfs/td1/emc/marine/save/Bin.Li/update11/EMC_FV3-MOM6-CICE5/CICE_SRC/lanl_cice/compile'
gmake[1]: Nothing to be done for `all'.
gmake[1]: Leaving directory `/gpfs/td1/emc/marine/save/Bin.Li/update11/EMC_FV3-MOM6-CICE5/CICE_SRC/lanl_cice/compile'
/gpfs/td1/emc/marine/save/Bin.Li/update11/EMC_FV3-MOM6-CICE5/CICE_SRC/lanl_cice
NTASK = 48
global N, block_size
x    1440,    60
y    1080,    540
max_blocks = 1
1 = TRAGE, iage tracer
1 = TRFY, first-year ice tracer
1 = TRLVL, level-ice tracers
1 = TRPND, melt pond tracers
0 = NTRAERO, number of aerosol tracers
0 = TRBRI, brine height tracer
7 = NBGCLYR, number of bio grid layers
0 = TRBGCS, number of BGC tracers
. /gpfs/td1/emc/marine/save/Bin.Li/update11/EMC_FV3-MOM6-CICE5/NEMS/src/conf/module-setup.sh.inc ; stack=`ulimit -S -s`                  ; ulimit -S -s 200000                     ; module use /gpfs/td1/emc/marine/save/Bin.Li/update11/EMC_FV3-MOM6-CICE5/NEMS/src/conf                 ; module load modules.nems              ; module list                           ; ulimit -S -s $stack ; cd /gpfs/td1/emc/marine/save/Bin.Li/update11/EMC_FV3-MOM6-CICE5/CICE_CAP ; exec make -f makefile.nuopc    \
	  COMP_SRCDIR=/gpfs/td1/emc/marine/save/Bin.Li/update11/EMC_FV3-MOM6-CICE5/CICE COMP_BINDIR=/gpfs/td1/emc/marine/save/Bin.Li/update11/EMC_FV3-MOM6-CICE5/CICE_INSTALL SITE="NEMS.wcoss" SYSTEM_USERDIR="/gpfs/td1/emc/marine/save/Bin.Li/update11/EMC_FV3-MOM6-CICE5/CICE" SRCDIR="/gpfs/td1/emc/marine/save/Bin.Li/update11/EMC_FV3-MOM6-CICE5/CICE" EXEDIR="/gpfs/td1/emc/marine/save/Bin.Li/update11/EMC_FV3-MOM6-CICE5/CICE" NEMS_GRID="T126_mx5"                                                  \
	  "LANLCICEDIR=/gpfs/td1/emc/marine/save/Bin.Li/update11/EMC_FV3-MOM6-CICE5/CICE" "INSTALLDIR=/gpfs/td1/emc/marine/save/Bin.Li/update11/EMC_FV3-MOM6-CICE5/CICE_INSTALL" install
Currently Loaded Modulefiles:
  1) ics/16.0.3          8) png/v1.2.44        15) w3emc/2.3.1
  2) ibmpe/1.3.0.12      9) crtm/v2.2.4        16) nemsio/2.2.4
  3) HDF5/1.8.9/serial  10) g2/3.1.1           17) g2tmpl/1.5.1
  4) NetCDF/4.2/serial  11) bacio/2.0.3        18) post/8.0.0
  5) z/v1.2.6           12) ip/3.0.2           19) esmf/8.0.0
  6) lsf/9.1            13) sp/2.0.3           20) modules.nems
  7) jasper/v1.900.1    14) w3nco/2.0.7
make[1]: Entering directory `/gpfs/td1/emc/marine/save/Bin.Li/update11/EMC_FV3-MOM6-CICE5/CICE_SRC/lanl_cice_cap'
rm -f cice.mk.install
mkdir -p /gpfs/td1/emc/marine/save/Bin.Li/update11/EMC_FV3-MOM6-CICE5/CICE_INSTALL
cp -f /gpfs/td1/emc/marine/save/Bin.Li/update11/EMC_FV3-MOM6-CICE5/CICE/liblanl_cice.a /gpfs/td1/emc/marine/save/Bin.Li/update11/EMC_FV3-MOM6-CICE5/CICE_INSTALL
cp -f libcice.a cice_cap_mod.mod /gpfs/td1/emc/marine/save/Bin.Li/update11/EMC_FV3-MOM6-CICE5/CICE_INSTALL 
cp -f cice.mk.install /gpfs/td1/emc/marine/save/Bin.Li/update11/EMC_FV3-MOM6-CICE5/CICE_INSTALL/cice.mk
make[1]: Leaving directory `/gpfs/td1/emc/marine/save/Bin.Li/update11/EMC_FV3-MOM6-CICE5/CICE_SRC/lanl_cice_cap'
test -f /gpfs/td1/emc/marine/save/Bin.Li/update11/EMC_FV3-MOM6-CICE5/CICE_INSTALL/cice.mk
( \
	echo "# Do not edit this file.  It is automatically generated." ; \
	echo "# Edit the component list or /gpfs/td1/emc/marine/save/Bin.Li/update11/EMC_FV3-MOM6-CICE5/NEMS/src/conf/configure.nems.NUOPC.in"                          ; \
	echo ; cat "/gpfs/td1/emc/marine/save/Bin.Li/update11/EMC_FV3-MOM6-CICE5/NEMS/src/conf/configure.nems.NUOPC.in"                                                 ; \
	echo fms_mk="/gpfs/td1/emc/marine/save/Bin.Li/update11/EMC_FV3-MOM6-CICE5/FMS/FMS_INSTALL/fms.mk" ; echo fv3_mk="/gpfs/td1/emc/marine/save/Bin.Li/update11/EMC_FV3-MOM6-CICE5/FV3/FV3_INSTALL/fv3.mk" ; echo mom6_mk="/gpfs/td1/emc/marine/save/Bin.Li/update11/EMC_FV3-MOM6-CICE5/MOM6_INSTALL/mom6.mk" ; echo cice_mk="/gpfs/td1/emc/marine/save/Bin.Li/update11/EMC_FV3-MOM6-CICE5/CICE_INSTALL/cice.mk" ; ) > "/gpfs/td1/emc/marine/save/Bin.Li/update11/EMC_FV3-MOM6-CICE5/NEMS/src/conf/configure.nems.NUOPC"
. /gpfs/td1/emc/marine/save/Bin.Li/update11/EMC_FV3-MOM6-CICE5/NEMS/src/conf/module-setup.sh.inc ; stack=`ulimit -S -s`                  ; ulimit -S -s 200000                     ; module use /gpfs/td1/emc/marine/save/Bin.Li/update11/EMC_FV3-MOM6-CICE5/NEMS/src/conf                 ; module load modules.nems              ; module list                           ; ulimit -S -s $stack                                         ; \
	set -e                                                  ; \
	for m in /gpfs/td1/emc/marine/save/Bin.Li/update11/EMC_FV3-MOM6-CICE5/FMS/FMS_INSTALL/fms.mk /gpfs/td1/emc/marine/save/Bin.Li/update11/EMC_FV3-MOM6-CICE5/FV3/FV3_INSTALL/fv3.mk /gpfs/td1/emc/marine/save/Bin.Li/update11/EMC_FV3-MOM6-CICE5/MOM6_INSTALL/mom6.mk /gpfs/td1/emc/marine/save/Bin.Li/update11/EMC_FV3-MOM6-CICE5/CICE_INSTALL/cice.mk ; do                   \
	  test -s $m                                           ; \
	done                                                    ; \
	echo build NEMS after /gpfs/td1/emc/marine/save/Bin.Li/update11/EMC_FV3-MOM6-CICE5/FMS/FMS_INSTALL/fms.mk /gpfs/td1/emc/marine/save/Bin.Li/update11/EMC_FV3-MOM6-CICE5/FV3/FV3_INSTALL/fv3.mk /gpfs/td1/emc/marine/save/Bin.Li/update11/EMC_FV3-MOM6-CICE5/MOM6_INSTALL/mom6.mk /gpfs/td1/emc/marine/save/Bin.Li/update11/EMC_FV3-MOM6-CICE5/CICE_INSTALL/cice.mk         ; \
	cd /gpfs/td1/emc/marine/save/Bin.Li/update11/EMC_FV3-MOM6-CICE5/NEMS/src                                       ; \
	make nems                              \
	          COMPONENTS="FMS FV3 MOM6 CICE"                      \
	          FMS_DIR=/gpfs/td1/emc/marine/save/Bin.Li/update11/EMC_FV3-MOM6-CICE5/FMS/FMS_INSTALL FV3_DIR=/gpfs/td1/emc/marine/save/Bin.Li/update11/EMC_FV3-MOM6-CICE5/FV3/FV3_INSTALL MOM6_DIR=/gpfs/td1/emc/marine/save/Bin.Li/update11/EMC_FV3-MOM6-CICE5/MOM6_INSTALL CICE_DIR=/gpfs/td1/emc/marine/save/Bin.Li/update11/EMC_FV3-MOM6-CICE5/CICE_INSTALL TARGET="/gpfs/td1/emc/marine/save/Bin.Li/update11/EMC_FV3-MOM6-CICE5/NEMS/exe/NEMS.x"    ; \
	test -x /gpfs/td1/emc/marine/save/Bin.Li/update11/EMC_FV3-MOM6-CICE5/NEMS/exe/NEMS.x
Currently Loaded Modulefiles:
  1) ics/16.0.3          8) png/v1.2.44        15) w3emc/2.3.1
  2) ibmpe/1.3.0.12      9) crtm/v2.2.4        16) nemsio/2.2.4
  3) HDF5/1.8.9/serial  10) g2/3.1.1           17) g2tmpl/1.5.1
  4) NetCDF/4.2/serial  11) bacio/2.0.3        18) post/8.0.0
  5) z/v1.2.6           12) ip/3.0.2           19) esmf/8.0.0
  6) lsf/9.1            13) sp/2.0.3           20) modules.nems
  7) jasper/v1.900.1    14) w3nco/2.0.7
build NEMS after /gpfs/td1/emc/marine/save/Bin.Li/update11/EMC_FV3-MOM6-CICE5/FMS/FMS_INSTALL/fms.mk /gpfs/td1/emc/marine/save/Bin.Li/update11/EMC_FV3-MOM6-CICE5/FV3/FV3_INSTALL/fv3.mk /gpfs/td1/emc/marine/save/Bin.Li/update11/EMC_FV3-MOM6-CICE5/MOM6_INSTALL/mom6.mk /gpfs/td1/emc/marine/save/Bin.Li/update11/EMC_FV3-MOM6-CICE5/CICE_INSTALL/cice.mk
/bin/sh: git: command not found
/bin/sh: git: command not found
make[1]: svnversion: Command not found
make[1]: Entering directory `/gpfs/td1/emc/marine/save/Bin.Li/update11/EMC_FV3-MOM6-CICE5/NEMS/src'
/bin/sh: svn: command not found
Components in linker order: CICE MOM6 FV3 FMS
CICE: include /gpfs/td1/emc/marine/save/Bin.Li/update11/EMC_FV3-MOM6-CICE5/CICE_INSTALL/cice.mk
MOM6: include /gpfs/td1/emc/marine/save/Bin.Li/update11/EMC_FV3-MOM6-CICE5/MOM6_INSTALL/mom6.mk
FV3: include /gpfs/td1/emc/marine/save/Bin.Li/update11/EMC_FV3-MOM6-CICE5/FV3/FV3_INSTALL/fv3.mk
FMS: include /gpfs/td1/emc/marine/save/Bin.Li/update11/EMC_FV3-MOM6-CICE5/FMS/FMS_INSTALL/fms.mk
CPPFLAGS += ESMF_VERSION_STRING_GIT="ESMF_8_0_0"
CPPFLAGS += ESMF_VERSION_MAJOR="8"
CPPFLAGS += ESMF_VERSION_BETASNAPSHOT="'F'"
CPPFLAGS += ESMF_VERSION_MINOR="0"
CPPFLAGS += ESMF_VERSION_PATCHLEVEL="0"
CPPFLAGS += ESMF_VERSION_STRING="8.0.0"
CPPFLAGS += ESMF_VERSION_REVISION="0"
CPPFLAGS += ESMF_VERSION_PUBLIC="'T'"
cd ENS_Cpl             && make stub
make[2]: Entering directory `/gpfs/td1/emc/marine/save/Bin.Li/update11/EMC_FV3-MOM6-CICE5/NEMS/src/ENS_Cpl'
ar rv ENS_Cpl.a ENS_CplComp_ESMFMod_STUB.o
r - ENS_CplComp_ESMFMod_STUB.o
make[2]: Leaving directory `/gpfs/td1/emc/marine/save/Bin.Li/update11/EMC_FV3-MOM6-CICE5/NEMS/src/ENS_Cpl'
echo libgocart is 
libgocart is
echo extlibs is /nceplibs/NCEPLIBS/compilers/ics/16.0.3/lib/libncep_post_v8.0.0_4.a /nceplibs/NCEPLIBS/compilers/ics/16.0.3/lib/libnemsio_v2.2.4.a /nceplibs/NCEPLIBS/compilers/ics/16.0.3/lib/libg2_v3.1.1_4.a /nceplibs/NCEPLIBS/compilers/ics/16.0.3/lib/libg2tmpl_v1.5.1.a /nceplibs/NCEPLIBS/compilers/ics/16.0.3/lib/libbacio_v2.0.3_4.a /nceplibs/NCEPLIBS/compilers/ics/16.0.3/lib/libsp_v2.0.3_d.a /nceplibs/NCEPLIBS/compilers/ics/16.0.3/lib/libw3emc_v2.3.1_d.a /nceplibs/NCEPLIBS/compilers/ics/16.0.3/lib/libw3nco_v2.0.7_d.a /nwprod2/lib/crtm/v2.2.4/libcrtm_v2.2.4.a /nwprod2/lib/png/v1.2.44/libpng.a /nwprod2/lib/jasper/v1.900.1/libjasper_v1.900.1.a /nwprod2/lib/z/v1.2.6/libz_v1.2.6.a -L/nems/noscrub/emc.nemspara/soft/esmf/8.0.0/lib -Wl,-rpath,/nems/noscrub/emc.nemspara/soft/esmf/8.0.0/lib -lesmf  -cxxlib -lrt -ldl -L/usrx/local/NetCDF/4.2/serial/lib -lnetcdf -lnetcdff -L/usrx/local/HDF5/1.8.9/serial/lib -lhdf5 -lhdf5_fortran  -L/usrx/local/NetCDF/4.2/serial/lib -L/usrx/local/HDF5/1.8.9/serial/lib -qopenmp  -lnetcdff -lhdf5 /nwprod2/lib/z/v1.2.6/libz_v1.2.6.a
extlibs is /nceplibs/NCEPLIBS/compilers/ics/16.0.3/lib/libncep_post_v8.0.0_4.a /nceplibs/NCEPLIBS/compilers/ics/16.0.3/lib/libnemsio_v2.2.4.a /nceplibs/NCEPLIBS/compilers/ics/16.0.3/lib/libg2_v3.1.1_4.a /nceplibs/NCEPLIBS/compilers/ics/16.0.3/lib/libg2tmpl_v1.5.1.a /nceplibs/NCEPLIBS/compilers/ics/16.0.3/lib/libbacio_v2.0.3_4.a /nceplibs/NCEPLIBS/compilers/ics/16.0.3/lib/libsp_v2.0.3_d.a /nceplibs/NCEPLIBS/compilers/ics/16.0.3/lib/libw3emc_v2.3.1_d.a /nceplibs/NCEPLIBS/compilers/ics/16.0.3/lib/libw3nco_v2.0.7_d.a /nwprod2/lib/crtm/v2.2.4/libcrtm_v2.2.4.a /nwprod2/lib/png/v1.2.44/libpng.a /nwprod2/lib/jasper/v1.900.1/libjasper_v1.900.1.a /nwprod2/lib/z/v1.2.6/libz_v1.2.6.a -L/nems/noscrub/emc.nemspara/soft/esmf/8.0.0/lib -Wl,-rpath,/nems/noscrub/emc.nemspara/soft/esmf/8.0.0/lib -lesmf -cxxlib -lrt -ldl -L/usrx/local/NetCDF/4.2/serial/lib -lnetcdf -lnetcdff -L/usrx/local/HDF5/1.8.9/serial/lib -lhdf5 -lhdf5_fortran -L/usrx/local/NetCDF/4.2/serial/lib -L/usrx/local/HDF5/1.8.9/serial/lib -qopenmp -lnetcdff -lhdf5 /nwprod2/lib/z/v1.2.6/libz_v1.2.6.a
mpiifort  -o /gpfs/td1/emc/marine/save/Bin.Li/update11/EMC_FV3-MOM6-CICE5/NEMS/exe/NEMS.x MAIN_NEMS.o module_NEMS_UTILS.o module_MEDIATOR_methods.o module_MEDIATOR.o module_MEDIATOR_SpaceWeather.o module_EARTH_INTERNAL_STATE.o module_EARTH_GRID_COMP.o module_NEMS_INTERNAL_STATE.o module_NEMS_GRID_COMP.o module_NEMS_Rusage.o nems_c_rusage.o  /gpfs/td1/emc/marine/save/Bin.Li/update11/EMC_FV3-MOM6-CICE5/CICE_INSTALL/libcice.a /gpfs/td1/emc/marine/save/Bin.Li/update11/EMC_FV3-MOM6-CICE5/CICE_INSTALL/liblanl_cice.a /gpfs/td1/emc/marine/save/Bin.Li/update11/EMC_FV3-MOM6-CICE5/MOM6_INSTALL/libmom.a /gpfs/td1/emc/marine/save/Bin.Li/update11/EMC_FV3-MOM6-CICE5/MOM6_INSTALL/lib_ocean.a /gpfs/td1/emc/marine/save/Bin.Li/update11/EMC_FV3-MOM6-CICE5/FV3/FV3_INSTALL/libfv3cap.a /gpfs/td1/emc/marine/save/Bin.Li/update11/EMC_FV3-MOM6-CICE5/FV3/FV3_INSTALL/libfv3core.a /gpfs/td1/emc/marine/save/Bin.Li/update11/EMC_FV3-MOM6-CICE5/FV3/FV3_INSTALL/libfv3io.a /gpfs/td1/emc/marine/save/Bin.Li/update11/EMC_FV3-MOM6-CICE5/FV3/FV3_INSTALL/libipd.a /gpfs/td1/emc/marine/save/Bin.Li/update11/EMC_FV3-MOM6-CICE5/FV3/FV3_INSTALL/libgfsphys.a /gpfs/td1/emc/marine/save/Bin.Li/update11/EMC_FV3-MOM6-CICE5/FV3/FV3_INSTALL/libfv3cpl.a /gpfs/td1/emc/marine/save/Bin.Li/update11/EMC_FV3-MOM6-CICE5/FV3/FV3_INSTALL/libstochastic_physics.a /gpfs/td1/emc/marine/save/Bin.Li/update11/EMC_FV3-MOM6-CICE5/FMS/FMS_INSTALL/libfms.a ENS_Cpl/ENS_Cpl.a /nceplibs/NCEPLIBS/compilers/ics/16.0.3/lib/libncep_post_v8.0.0_4.a /nceplibs/NCEPLIBS/compilers/ics/16.0.3/lib/libnemsio_v2.2.4.a /nceplibs/NCEPLIBS/compilers/ics/16.0.3/lib/libg2_v3.1.1_4.a /nceplibs/NCEPLIBS/compilers/ics/16.0.3/lib/libg2tmpl_v1.5.1.a /nceplibs/NCEPLIBS/compilers/ics/16.0.3/lib/libbacio_v2.0.3_4.a /nceplibs/NCEPLIBS/compilers/ics/16.0.3/lib/libsp_v2.0.3_d.a /nceplibs/NCEPLIBS/compilers/ics/16.0.3/lib/libw3emc_v2.3.1_d.a /nceplibs/NCEPLIBS/compilers/ics/16.0.3/lib/libw3nco_v2.0.7_d.a /nwprod2/lib/crtm/v2.2.4/libcrtm_v2.2.4.a /nwprod2/lib/png/v1.2.44/libpng.a /nwprod2/lib/jasper/v1.900.1/libjasper_v1.900.1.a /nwprod2/lib/z/v1.2.6/libz_v1.2.6.a -L/nems/noscrub/emc.nemspara/soft/esmf/8.0.0/lib -Wl,-rpath,/nems/noscrub/emc.nemspara/soft/esmf/8.0.0/lib -lesmf  -cxxlib -lrt -ldl -L/usrx/local/NetCDF/4.2/serial/lib -lnetcdf -lnetcdff -L/usrx/local/HDF5/1.8.9/serial/lib -lhdf5 -lhdf5_fortran  -L/usrx/local/NetCDF/4.2/serial/lib -L/usrx/local/HDF5/1.8.9/serial/lib -qopenmp  -lnetcdff -lhdf5 /nwprod2/lib/z/v1.2.6/libz_v1.2.6.a  
/nwprod2/lib/jasper/v1.900.1/libjasper_v1.900.1.a(jas_stream.o): In function `jas_stream_tmpfile':
/nwprod/lib/sorc/jasper-1.900.1/src/libjasper/base/jas_stream.c:368: warning: the use of `tmpnam' is dangerous, better use `mkstemp'
/gpfs/td1/emc/marine/save/Bin.Li/update11/EMC_FV3-MOM6-CICE5/NEMS/exe/NEMS.x is created.
make[1]: Leaving directory `/gpfs/td1/emc/marine/save/Bin.Li/update11/EMC_FV3-MOM6-CICE5/NEMS/src'
+ cd /gpfs/td1/emc/marine/save/Bin.Li/update11/EMC_FV3-MOM6-CICE5/NEMS/src
+ cp -fp ../exe/NEMS.x /ptmpp2/Bin.Li/rtgen.31391/exec/fv3_mom6_cice.exe
+ cp -fp conf/modules.nems /ptmpp2/Bin.Li/rtgen.31391/include/modules_fv3_mom6_cice
+ md5sum /ptmpp2/Bin.Li/rtgen.31391/exec/fv3_mom6_cice.exe
+ unset md5sum
+ unset OPTS
+ set -xe
+ set -xe
+ test -s /ptmpp2/Bin.Li/rtgen.31391/exec/fv3_mom6_cice.exe
+ test -x /ptmpp2/Bin.Li/rtgen.31391/exec/fv3_mom6_cice.exe

------------------------------------------------------------
Sender: LSF System <lsfadmin@t26c37f>
Subject: Job 4042867: <rt_build_fv3_mom6_cice.exe> in cluster <tide> Done

Job <rt_build_fv3_mom6_cice.exe> was submitted from host <t21a3f> by user <Bin.Li> in cluster <tide>.
Job was executed on host(s) <t26c37f>, in queue <dev2_shared>, as user <Bin.Li> in cluster <tide>.
</u/Bin.Li> was used as the home directory.
</ptmpp2/Bin.Li/rtgen.31391/rocoto> was used as the working directory.
Started at Tue Nov 12 13:23:53 2019
Results reported on Tue Nov 12 13:24:15 2019

Your job looked like:

------------------------------------------------------------
# LSBATCH: User input
/usrx/local/emc_rocoto/1.3.0rc2/sbin/lsfwrapper.sh sh -c "cd /ptmpp2/Bin.Li/rtgen.31391/src ; ./install.sh fv3_mom6_cice.exe"
------------------------------------------------------------

Successfully completed.

Resource usage summary:

    CPU time :               10.24 sec.
    Max Memory :             264 MB
    Average Memory :         14.00 MB
    Total Requested Memory : 4096.00 MB
    Delta Memory :           3832.00 MB
    (Delta: the difference between Total Requested Memory and Max Memory.)
    Max Processes :          13
    Max Threads :            15

The output (if any) is above this job summary.

[Tue Nov 12 13:24:15 UTC 2019] /usrx/local/lsf/conf/scripts/ncep_post_exec_shared_ecflow.ksh: /var/lsf/ecflow_post_in.4042867 file not found or empty.  Job is not eligible for ecflow abort notification.
